[0.094s] DEBUG:colcon:Command line arguments: ['/usr/bin/colcon', 'list']
[0.094s] DEBUG:colcon:Parsed command line arguments: Namespace(allow_overriding=[], base_paths=['.'], build_base='build', ignore_user_meta=False, log_base=None, log_level=None, main=<bound method ListVerb.main of <colcon_package_information.verb.list.ListVerb object at 0x7f78a29b4cd0>>, metas=['./colcon.meta'], mixin=None, mixin_files=None, mixin_verb=('list',), names_only=False, packages_above=None, packages_above_and_dependencies=None, packages_above_depth=None, packages_end=None, packages_ignore=None, packages_ignore_regex=None, packages_select=None, packages_select_build_failed=False, packages_select_by_dep=None, packages_select_regex=None, packages_select_test_failures=False, packages_skip=None, packages_skip_build_finished=False, packages_skip_by_dep=None, packages_skip_regex=None, packages_skip_test_passed=False, packages_skip_up_to=None, packages_start=None, packages_up_to=None, packages_up_to_regex=None, paths=None, paths_only=False, topological_graph=False, topological_graph_density=False, topological_graph_dot=False, topological_graph_dot_cluster=False, topological_graph_dot_include_skipped=False, topological_graph_legend=False, topological_order=False, verb_extension=<colcon_package_information.verb.list.ListVerb object at 0x7f78a29b4cd0>, verb_name='list', verb_parser=<colcon_mixin.mixin.mixin_argument.MixinArgumentDecorator object at 0x7f78a29c2d00>)
[0.167s] Level 1:colcon.colcon_core.package_discovery:discover_packages(colcon_meta) check parameters
[0.167s] Level 1:colcon.colcon_core.package_discovery:discover_packages(recursive) check parameters
[0.167s] Level 1:colcon.colcon_core.package_discovery:discover_packages(ignore) check parameters
[0.167s] Level 1:colcon.colcon_core.package_discovery:discover_packages(path) check parameters
[0.167s] Level 1:colcon.colcon_core.package_discovery:discover_packages(colcon_meta) discover
[0.167s] Level 1:colcon.colcon_core.package_discovery:discover_packages(recursive) discover
[0.167s] INFO:colcon.colcon_core.package_discovery:Crawling recursively for packages in '/home/cpslab/ros2_ljy/src'
[0.167s] Level 1:colcon.colcon_core.package_identification:_identify(.) by extensions ['ignore', 'ignore_ament_install']
[0.167s] Level 1:colcon.colcon_core.package_identification:_identify(.) by extension 'ignore'
[0.167s] Level 1:colcon.colcon_core.package_identification:_identify(.) by extension 'ignore_ament_install'
[0.167s] Level 1:colcon.colcon_core.package_identification:_identify(.) by extensions ['colcon_pkg']
[0.167s] Level 1:colcon.colcon_core.package_identification:_identify(.) by extension 'colcon_pkg'
[0.167s] Level 1:colcon.colcon_core.package_identification:_identify(.) by extensions ['colcon_meta']
[0.167s] Level 1:colcon.colcon_core.package_identification:_identify(.) by extension 'colcon_meta'
[0.167s] Level 1:colcon.colcon_core.package_identification:_identify(.) by extensions ['ros']
[0.167s] Level 1:colcon.colcon_core.package_identification:_identify(.) by extension 'ros'
[0.174s] Level 1:colcon.colcon_core.package_identification:_identify(.) by extensions ['cmake', 'python']
[0.174s] Level 1:colcon.colcon_core.package_identification:_identify(.) by extension 'cmake'
[0.174s] Level 1:colcon.colcon_core.package_identification:_identify(.) by extension 'python'
[0.174s] Level 1:colcon.colcon_core.package_identification:_identify(.) by extensions ['python_setup_py']
[0.174s] Level 1:colcon.colcon_core.package_identification:_identify(.) by extension 'python_setup_py'
[0.174s] Level 1:colcon.colcon_core.package_identification:_identify(Nova_ROS2) by extensions ['ignore', 'ignore_ament_install']
[0.174s] Level 1:colcon.colcon_core.package_identification:_identify(Nova_ROS2) by extension 'ignore'
[0.174s] Level 1:colcon.colcon_core.package_identification:_identify(Nova_ROS2) by extension 'ignore_ament_install'
[0.174s] Level 1:colcon.colcon_core.package_identification:_identify(Nova_ROS2) by extensions ['colcon_pkg']
[0.174s] Level 1:colcon.colcon_core.package_identification:_identify(Nova_ROS2) by extension 'colcon_pkg'
[0.174s] Level 1:colcon.colcon_core.package_identification:_identify(Nova_ROS2) by extensions ['colcon_meta']
[0.174s] Level 1:colcon.colcon_core.package_identification:_identify(Nova_ROS2) by extension 'colcon_meta'
[0.174s] Level 1:colcon.colcon_core.package_identification:_identify(Nova_ROS2) by extensions ['ros']
[0.174s] Level 1:colcon.colcon_core.package_identification:_identify(Nova_ROS2) by extension 'ros'
[0.174s] Level 1:colcon.colcon_core.package_identification:_identify(Nova_ROS2) by extensions ['cmake', 'python']
[0.174s] Level 1:colcon.colcon_core.package_identification:_identify(Nova_ROS2) by extension 'cmake'
[0.174s] Level 1:colcon.colcon_core.package_identification:_identify(Nova_ROS2) by extension 'python'
[0.174s] Level 1:colcon.colcon_core.package_identification:_identify(Nova_ROS2) by extensions ['python_setup_py']
[0.174s] Level 1:colcon.colcon_core.package_identification:_identify(Nova_ROS2) by extension 'python_setup_py'
[0.174s] Level 1:colcon.colcon_core.package_identification:_identify(Nova_ROS2/nova5_control) by extensions ['ignore', 'ignore_ament_install']
[0.174s] Level 1:colcon.colcon_core.package_identification:_identify(Nova_ROS2/nova5_control) by extension 'ignore'
[0.174s] Level 1:colcon.colcon_core.package_identification:_identify(Nova_ROS2/nova5_control) by extension 'ignore_ament_install'
[0.174s] Level 1:colcon.colcon_core.package_identification:_identify(Nova_ROS2/nova5_control) by extensions ['colcon_pkg']
[0.174s] Level 1:colcon.colcon_core.package_identification:_identify(Nova_ROS2/nova5_control) by extension 'colcon_pkg'
[0.174s] Level 1:colcon.colcon_core.package_identification:_identify(Nova_ROS2/nova5_control) by extensions ['colcon_meta']
[0.174s] Level 1:colcon.colcon_core.package_identification:_identify(Nova_ROS2/nova5_control) by extension 'colcon_meta'
[0.174s] Level 1:colcon.colcon_core.package_identification:_identify(Nova_ROS2/nova5_control) by extensions ['ros']
[0.174s] Level 1:colcon.colcon_core.package_identification:_identify(Nova_ROS2/nova5_control) by extension 'ros'
[0.176s] DEBUG:colcon.colcon_core.package_identification:Package 'Nova_ROS2/nova5_control' with type 'ros.ament_cmake' and name 'nova5_control'
[0.176s] Level 1:colcon.colcon_core.package_identification:_identify(Nova_ROS2/nova5_description) by extensions ['ignore', 'ignore_ament_install']
[0.176s] Level 1:colcon.colcon_core.package_identification:_identify(Nova_ROS2/nova5_description) by extension 'ignore'
[0.176s] Level 1:colcon.colcon_core.package_identification:_identify(Nova_ROS2/nova5_description) by extension 'ignore_ament_install'
[0.176s] Level 1:colcon.colcon_core.package_identification:_identify(Nova_ROS2/nova5_description) by extensions ['colcon_pkg']
[0.176s] Level 1:colcon.colcon_core.package_identification:_identify(Nova_ROS2/nova5_description) by extension 'colcon_pkg'
[0.176s] Level 1:colcon.colcon_core.package_identification:_identify(Nova_ROS2/nova5_description) by extensions ['colcon_meta']
[0.176s] Level 1:colcon.colcon_core.package_identification:_identify(Nova_ROS2/nova5_description) by extension 'colcon_meta'
[0.176s] Level 1:colcon.colcon_core.package_identification:_identify(Nova_ROS2/nova5_description) by extensions ['ros']
[0.176s] Level 1:colcon.colcon_core.package_identification:_identify(Nova_ROS2/nova5_description) by extension 'ros'
[0.177s] DEBUG:colcon.colcon_core.package_identification:Package 'Nova_ROS2/nova5_description' with type 'ros.ament_cmake' and name 'nova5_description'
[0.177s] Level 1:colcon.colcon_core.package_identification:_identify(log) by extensions ['ignore', 'ignore_ament_install']
[0.177s] Level 1:colcon.colcon_core.package_identification:_identify(log) by extension 'ignore'
[0.177s] Level 1:colcon.colcon_core.package_identification:_identify(log) ignored
[0.177s] Level 1:colcon.colcon_core.package_discovery:discover_packages(recursive) using defaults
[0.177s] Level 1:colcon.colcon_core.package_discovery:discover_packages(ignore) discover
[0.177s] Level 1:colcon.colcon_core.package_discovery:discover_packages(ignore) using defaults
[0.177s] Level 1:colcon.colcon_core.package_discovery:discover_packages(path) discover
[0.177s] Level 1:colcon.colcon_core.package_discovery:discover_packages(path) using defaults
