[0.011s] Invoking command in '/home/cpslab/ros2_ljy/build/nova5_control': CMAKE_PREFIX_PATH=${CMAKE_PREFIX_PATH}:/opt/ros/foxy /usr/bin/cmake /home/cpslab/ros2_ljy/src/Nova_ROS2/nova5_control -DAMENT_CMAKE_SYMLINK_INSTALL=1 -DCMAKE_INSTALL_PREFIX=/home/cpslab/ros2_ljy/install/nova5_control
[0.044s] -- The C compiler identification is GNU 9.4.0
[0.078s] -- The CXX compiler identification is GNU 9.4.0
[0.081s] -- Check for working C compiler: /usr/bin/cc
[0.121s] -- Check for working C compiler: /usr/bin/cc -- works
[0.122s] -- Detecting C compiler ABI info
[0.163s] -- Detecting C compiler ABI info - done
[0.170s] -- Detecting C compile features
[0.170s] -- Detecting C compile features - done
[0.172s] -- Check for working CXX compiler: /usr/bin/c++
[0.219s] -- Check for working CXX compiler: /usr/bin/c++ -- works
[0.220s] -- Detecting CXX compiler ABI info
[0.269s] -- Detecting CXX compiler ABI info - done
[0.276s] -- Detecting CXX compile features
[0.277s] -- Detecting CXX compile features - done
[0.278s] -- Found ament_cmake: 0.9.12 (/opt/ros/foxy/share/ament_cmake/cmake)
[0.293s] -- Found PythonInterp: /usr/bin/python3 (found suitable version "3.8.10", minimum required is "3") 
[0.293s] -- Using PYTHON_EXECUTABLE: /usr/bin/python3
[0.392s] -- Override CMake install command with custom implementation using symlinks instead of copying resources
[0.443s] -- Configuring done
[0.444s] -- Generating done
[0.444s] -- Build files have been written to: /home/cpslab/ros2_ljy/build/nova5_control
[0.450s] Invoked command in '/home/cpslab/ros2_ljy/build/nova5_control' returned '0': CMAKE_PREFIX_PATH=${CMAKE_PREFIX_PATH}:/opt/ros/foxy /usr/bin/cmake /home/cpslab/ros2_ljy/src/Nova_ROS2/nova5_control -DAMENT_CMAKE_SYMLINK_INSTALL=1 -DCMAKE_INSTALL_PREFIX=/home/cpslab/ros2_ljy/install/nova5_control
[0.451s] Invoking command in '/home/cpslab/ros2_ljy/build/nova5_control': CMAKE_PREFIX_PATH=${CMAKE_PREFIX_PATH}:/opt/ros/foxy /usr/bin/cmake --build /home/cpslab/ros2_ljy/build/nova5_control -- -j32 -l32
[0.479s] Invoked command in '/home/cpslab/ros2_ljy/build/nova5_control' returned '0': CMAKE_PREFIX_PATH=${CMAKE_PREFIX_PATH}:/opt/ros/foxy /usr/bin/cmake --build /home/cpslab/ros2_ljy/build/nova5_control -- -j32 -l32
[0.480s] Invoking command in '/home/cpslab/ros2_ljy/build/nova5_control': CMAKE_PREFIX_PATH=${CMAKE_PREFIX_PATH}:/opt/ros/foxy /usr/bin/cmake --install /home/cpslab/ros2_ljy/build/nova5_control
[0.484s] -- Install configuration: ""
[0.485s] -- Execute custom install script
[0.485s] -- Symlinking: /home/cpslab/ros2_ljy/install/nova5_control/share/ament_index/resource_index/package_run_dependencies/nova5_control
[0.490s] -- Symlinking: /home/cpslab/ros2_ljy/install/nova5_control/share/ament_index/resource_index/parent_prefix_path/nova5_control
[0.494s] -- Symlinking: /home/cpslab/ros2_ljy/install/nova5_control/share/nova5_control/environment/ament_prefix_path.sh
[0.499s] -- Symlinking: /home/cpslab/ros2_ljy/install/nova5_control/share/nova5_control/environment/ament_prefix_path.dsv
[0.504s] -- Symlinking: /home/cpslab/ros2_ljy/install/nova5_control/share/nova5_control/environment/path.sh
[0.508s] -- Symlinking: /home/cpslab/ros2_ljy/install/nova5_control/share/nova5_control/environment/path.dsv
[0.513s] -- Symlinking: /home/cpslab/ros2_ljy/install/nova5_control/share/nova5_control/local_setup.bash
[0.518s] -- Symlinking: /home/cpslab/ros2_ljy/install/nova5_control/share/nova5_control/local_setup.sh
[0.523s] -- Symlinking: /home/cpslab/ros2_ljy/install/nova5_control/share/nova5_control/local_setup.zsh
[0.527s] -- Symlinking: /home/cpslab/ros2_ljy/install/nova5_control/share/nova5_control/local_setup.dsv
[0.532s] -- Symlinking: /home/cpslab/ros2_ljy/install/nova5_control/share/nova5_control/package.dsv
[0.536s] -- Symlinking: /home/cpslab/ros2_ljy/install/nova5_control/share/ament_index/resource_index/packages/nova5_control
[0.541s] -- Symlinking: /home/cpslab/ros2_ljy/install/nova5_control/share/nova5_control/cmake/nova5_controlConfig.cmake
[0.546s] -- Symlinking: /home/cpslab/ros2_ljy/install/nova5_control/share/nova5_control/cmake/nova5_controlConfig-version.cmake
[0.551s] -- Symlinking: /home/cpslab/ros2_ljy/install/nova5_control/share/nova5_control/package.xml
[0.556s] -- Symlinking: /home/cpslab/ros2_ljy/install/nova5_control/share/nova5_control/launch/demo.launch.py
[0.561s] -- Symlinking: /home/cpslab/ros2_ljy/install/nova5_control/share/nova5_control/launch/gazebo_demo.launch.py
[0.566s] -- Symlinking: /home/cpslab/ros2_ljy/install/nova5_control/share/nova5_control/launch/move_group.launch.py
[0.571s] -- Symlinking: /home/cpslab/ros2_ljy/install/nova5_control/share/nova5_control/launch/moveit_rviz.launch.py
[0.575s] -- Symlinking: /home/cpslab/ros2_ljy/install/nova5_control/share/nova5_control/launch/rsp.launch.py
[0.580s] -- Symlinking: /home/cpslab/ros2_ljy/install/nova5_control/share/nova5_control/launch/rsp_no_moveit.launch.py
[0.585s] -- Symlinking: /home/cpslab/ros2_ljy/install/nova5_control/share/nova5_control/launch/setup_assistant.launch.py
[0.589s] -- Symlinking: /home/cpslab/ros2_ljy/install/nova5_control/share/nova5_control/launch/spawn_controllers.launch.py
[0.594s] -- Symlinking: /home/cpslab/ros2_ljy/install/nova5_control/share/nova5_control/launch/static_virtual_joint_tfs.launch.py
[0.599s] -- Symlinking: /home/cpslab/ros2_ljy/install/nova5_control/share/nova5_control/launch/warehouse_db.launch.py
[0.604s] -- Symlinking: /home/cpslab/ros2_ljy/install/nova5_control/share/nova5_control/config/gazebo_controllers.yaml
[0.608s] -- Symlinking: /home/cpslab/ros2_ljy/install/nova5_control/share/nova5_control/config/initial_positions.yaml
[0.613s] -- Symlinking: /home/cpslab/ros2_ljy/install/nova5_control/share/nova5_control/config/joint_limits.yaml
[0.618s] -- Symlinking: /home/cpslab/ros2_ljy/install/nova5_control/share/nova5_control/config/kinematics.yaml
[0.623s] -- Symlinking: /home/cpslab/ros2_ljy/install/nova5_control/share/nova5_control/config/moveit.rviz
[0.628s] -- Symlinking: /home/cpslab/ros2_ljy/install/nova5_control/share/nova5_control/config/moveit_controllers.yaml
[0.632s] -- Symlinking: /home/cpslab/ros2_ljy/install/nova5_control/share/nova5_control/config/nova2_robot.ros2_control.xacro
[0.637s] -- Symlinking: /home/cpslab/ros2_ljy/install/nova5_control/share/nova5_control/config/nova2_robot.srdf
[0.642s] -- Symlinking: /home/cpslab/ros2_ljy/install/nova5_control/share/nova5_control/config/nova2_robot.urdf.xacro
[0.646s] -- Symlinking: /home/cpslab/ros2_ljy/install/nova5_control/share/nova5_control/config/nova5_robot.ros2_control.xacro
[0.652s] -- Symlinking: /home/cpslab/ros2_ljy/install/nova5_control/share/nova5_control/config/nova5_robot.srdf
[0.657s] -- Symlinking: /home/cpslab/ros2_ljy/install/nova5_control/share/nova5_control/config/nova5_robot.urdf.xacro
[0.662s] -- Symlinking: /home/cpslab/ros2_ljy/install/nova5_control/share/nova5_control/config/pilz_cartesian_limits.yaml
[0.667s] -- Symlinking: /home/cpslab/ros2_ljy/install/nova5_control/share/nova5_control/config/ros2_controllers.yaml
[0.672s] -- Symlinking: /home/cpslab/ros2_ljy/install/nova5_control/share/nova5_control/.setup_assistant
[0.679s] Invoked command in '/home/cpslab/ros2_ljy/build/nova5_control' returned '0': CMAKE_PREFIX_PATH=${CMAKE_PREFIX_PATH}:/opt/ros/foxy /usr/bin/cmake --install /home/cpslab/ros2_ljy/build/nova5_control
