[0.010s] Invoking command in '/home/cpslab/ros2_ljy/build/nova5_description': CMAKE_PREFIX_PATH=${CMAKE_PREFIX_PATH}:/opt/ros/foxy /usr/bin/cmake /home/cpslab/ros2_ljy/src/Nova_ROS2/nova5_description -DAMENT_CMAKE_SYMLINK_INSTALL=1 -DCMAKE_INSTALL_PREFIX=/home/cpslab/ros2_ljy/install/nova5_description
[0.041s] -- The C compiler identification is GNU 9.4.0
[0.074s] -- The CXX compiler identification is GNU 9.4.0
[0.076s] -- Check for working C compiler: /usr/bin/cc
[0.117s] -- Check for working C compiler: /usr/bin/cc -- works
[0.117s] -- Detecting C compiler ABI info
[0.158s] -- Detecting C compiler ABI info - done
[0.166s] -- Detecting C compile features
[0.166s] -- Detecting C compile features - done
[0.167s] -- Check for working CXX compiler: /usr/bin/c++
[0.215s] -- Check for working CXX compiler: /usr/bin/c++ -- works
[0.216s] -- Detecting CXX compiler ABI info
[0.264s] -- Detecting CXX compiler ABI info - done
[0.271s] -- Detecting CXX compile features
[0.272s] -- Detecting CXX compile features - done
[0.273s] -- Found ament_cmake: 0.9.12 (/opt/ros/foxy/share/ament_cmake/cmake)
[0.288s] -- Found PythonInterp: /usr/bin/python3 (found suitable version "3.8.10", minimum required is "3") 
[0.288s] -- Using PYTHON_EXECUTABLE: /usr/bin/python3
[0.387s] -- Override CMake install command with custom implementation using symlinks instead of copying resources
[0.438s] -- Configuring done
[0.438s] -- Generating done
[0.439s] -- Build files have been written to: /home/cpslab/ros2_ljy/build/nova5_description
[0.442s] Invoked command in '/home/cpslab/ros2_ljy/build/nova5_description' returned '0': CMAKE_PREFIX_PATH=${CMAKE_PREFIX_PATH}:/opt/ros/foxy /usr/bin/cmake /home/cpslab/ros2_ljy/src/Nova_ROS2/nova5_description -DAMENT_CMAKE_SYMLINK_INSTALL=1 -DCMAKE_INSTALL_PREFIX=/home/cpslab/ros2_ljy/install/nova5_description
[0.444s] Invoking command in '/home/cpslab/ros2_ljy/build/nova5_description': CMAKE_PREFIX_PATH=${CMAKE_PREFIX_PATH}:/opt/ros/foxy /usr/bin/cmake --build /home/cpslab/ros2_ljy/build/nova5_description -- -j32 -l32
[0.466s] Invoked command in '/home/cpslab/ros2_ljy/build/nova5_description' returned '0': CMAKE_PREFIX_PATH=${CMAKE_PREFIX_PATH}:/opt/ros/foxy /usr/bin/cmake --build /home/cpslab/ros2_ljy/build/nova5_description -- -j32 -l32
[0.473s] Invoking command in '/home/cpslab/ros2_ljy/build/nova5_description': CMAKE_PREFIX_PATH=${CMAKE_PREFIX_PATH}:/opt/ros/foxy /usr/bin/cmake --install /home/cpslab/ros2_ljy/build/nova5_description
[0.477s] -- Install configuration: ""
[0.478s] -- Execute custom install script
[0.478s] CMake Warning (dev) at ament_cmake_symlink_install/ament_cmake_symlink_install.cmake:62 (file):
[0.478s]   Policy CMP0009 is not set: FILE GLOB_RECURSE calls should not follow
[0.478s]   symlinks by default.  Run "cmake --help-policy CMP0009" for policy details.
[0.478s]   Use the cmake_policy command to set the policy and suppress this warning.
[0.478s] Call Stack (most recent call first):
[0.478s]   ament_cmake_symlink_install/ament_cmake_symlink_install.cmake:314 (ament_cmake_symlink_install_directory)
[0.478s]   cmake_install.cmake:41 (include)
[0.478s] This warning is for project developers.  Use -Wno-dev to suppress it.
[0.479s] 
[0.479s] -- Symlinking: /home/cpslab/ros2_ljy/install/nova5_description/share/nova5_description/urdf/build/.built_by
[0.483s] -- Symlinking: /home/cpslab/ros2_ljy/install/nova5_description/share/nova5_description/urdf/build/COLCON_IGNORE
[0.488s] -- Symlinking: /home/cpslab/ros2_ljy/install/nova5_description/share/nova5_description/urdf/install/.colcon_install_layout
[0.493s] -- Symlinking: /home/cpslab/ros2_ljy/install/nova5_description/share/nova5_description/urdf/install/COLCON_IGNORE
[0.497s] -- Symlinking: /home/cpslab/ros2_ljy/install/nova5_description/share/nova5_description/urdf/install/_local_setup_util_ps1.py
[0.502s] -- Symlinking: /home/cpslab/ros2_ljy/install/nova5_description/share/nova5_description/urdf/install/_local_setup_util_sh.py
[0.506s] -- Symlinking: /home/cpslab/ros2_ljy/install/nova5_description/share/nova5_description/urdf/install/local_setup.bash
[0.511s] -- Symlinking: /home/cpslab/ros2_ljy/install/nova5_description/share/nova5_description/urdf/install/local_setup.ps1
[0.516s] -- Symlinking: /home/cpslab/ros2_ljy/install/nova5_description/share/nova5_description/urdf/install/local_setup.sh
[0.521s] -- Symlinking: /home/cpslab/ros2_ljy/install/nova5_description/share/nova5_description/urdf/install/local_setup.zsh
[0.525s] -- Symlinking: /home/cpslab/ros2_ljy/install/nova5_description/share/nova5_description/urdf/install/setup.bash
[0.530s] -- Symlinking: /home/cpslab/ros2_ljy/install/nova5_description/share/nova5_description/urdf/install/setup.ps1
[0.535s] -- Symlinking: /home/cpslab/ros2_ljy/install/nova5_description/share/nova5_description/urdf/install/setup.sh
[0.539s] -- Symlinking: /home/cpslab/ros2_ljy/install/nova5_description/share/nova5_description/urdf/install/setup.zsh
[0.544s] -- Symlinking: /home/cpslab/ros2_ljy/install/nova5_description/share/nova5_description/urdf/log/COLCON_IGNORE
[0.549s] -- Symlinking: /home/cpslab/ros2_ljy/install/nova5_description/share/nova5_description/urdf/log/build_2025-05-11_19-06-57/events.log
[0.554s] -- Symlinking: /home/cpslab/ros2_ljy/install/nova5_description/share/nova5_description/urdf/log/build_2025-05-11_19-06-57/logger_all.log
[0.559s] -- Symlinking: /home/cpslab/ros2_ljy/install/nova5_description/share/nova5_description/urdf/log/latest/events.log
[0.563s] -- Symlinking: /home/cpslab/ros2_ljy/install/nova5_description/share/nova5_description/urdf/log/latest/logger_all.log
[0.568s] -- Symlinking: /home/cpslab/ros2_ljy/install/nova5_description/share/nova5_description/urdf/log/latest_build/events.log
[0.572s] -- Symlinking: /home/cpslab/ros2_ljy/install/nova5_description/share/nova5_description/urdf/log/latest_build/logger_all.log
[0.577s] -- Symlinking: /home/cpslab/ros2_ljy/install/nova5_description/share/nova5_description/urdf/nova5_robot.xacro
[0.582s] -- Symlinking: /home/cpslab/ros2_ljy/install/nova5_description/share/nova5_description/urdf/nova5_robot_2f85.urdf.xacro
[0.587s] -- Symlinking: /home/cpslab/ros2_ljy/install/nova5_description/share/nova5_description/meshes/nova5/Link1.STL
[0.592s] -- Symlinking: /home/cpslab/ros2_ljy/install/nova5_description/share/nova5_description/meshes/nova5/Link2.STL
[0.597s] -- Symlinking: /home/cpslab/ros2_ljy/install/nova5_description/share/nova5_description/meshes/nova5/Link3.STL
[0.601s] -- Symlinking: /home/cpslab/ros2_ljy/install/nova5_description/share/nova5_description/meshes/nova5/Link4.STL
[0.606s] -- Symlinking: /home/cpslab/ros2_ljy/install/nova5_description/share/nova5_description/meshes/nova5/Link5.STL
[0.610s] -- Symlinking: /home/cpslab/ros2_ljy/install/nova5_description/share/nova5_description/meshes/nova5/Link6.STL
[0.615s] -- Symlinking: /home/cpslab/ros2_ljy/install/nova5_description/share/nova5_description/meshes/nova5/base_link.STL
[0.620s] -- Symlinking: /home/cpslab/ros2_ljy/install/nova5_description/share/nova5_description/meshes/robotiq_2f85/inner_finger_coarse.STL
[0.625s] -- Symlinking: /home/cpslab/ros2_ljy/install/nova5_description/share/nova5_description/meshes/robotiq_2f85/inner_finger_fine.STL
[0.629s] -- Symlinking: /home/cpslab/ros2_ljy/install/nova5_description/share/nova5_description/meshes/robotiq_2f85/inner_knuckle_coarse.STL
[0.634s] -- Symlinking: /home/cpslab/ros2_ljy/install/nova5_description/share/nova5_description/meshes/robotiq_2f85/inner_knuckle_fine.STL
[0.639s] -- Symlinking: /home/cpslab/ros2_ljy/install/nova5_description/share/nova5_description/meshes/robotiq_2f85/outer_finger_coarse.STL
[0.643s] -- Symlinking: /home/cpslab/ros2_ljy/install/nova5_description/share/nova5_description/meshes/robotiq_2f85/outer_finger_fine.STL
[0.648s] -- Symlinking: /home/cpslab/ros2_ljy/install/nova5_description/share/nova5_description/meshes/robotiq_2f85/outer_knuckle_coarse.STL
[0.653s] -- Symlinking: /home/cpslab/ros2_ljy/install/nova5_description/share/nova5_description/meshes/robotiq_2f85/outer_knuckle_fine.STL
[0.658s] -- Symlinking: /home/cpslab/ros2_ljy/install/nova5_description/share/nova5_description/meshes/robotiq_2f85/robotiq_85_base_link_coarse.STL
[0.663s] -- Symlinking: /home/cpslab/ros2_ljy/install/nova5_description/share/nova5_description/meshes/robotiq_2f85/robotiq_85_base_link_fine.STL
[0.668s] -- Symlinking: /home/cpslab/ros2_ljy/install/nova5_description/share/ament_index/resource_index/package_run_dependencies/nova5_description
[0.672s] -- Symlinking: /home/cpslab/ros2_ljy/install/nova5_description/share/ament_index/resource_index/parent_prefix_path/nova5_description
[0.678s] -- Symlinking: /home/cpslab/ros2_ljy/install/nova5_description/share/nova5_description/environment/ament_prefix_path.sh
[0.683s] -- Symlinking: /home/cpslab/ros2_ljy/install/nova5_description/share/nova5_description/environment/ament_prefix_path.dsv
[0.688s] -- Symlinking: /home/cpslab/ros2_ljy/install/nova5_description/share/nova5_description/environment/path.sh
[0.693s] -- Symlinking: /home/cpslab/ros2_ljy/install/nova5_description/share/nova5_description/environment/path.dsv
[0.697s] -- Symlinking: /home/cpslab/ros2_ljy/install/nova5_description/share/nova5_description/local_setup.bash
[0.702s] -- Symlinking: /home/cpslab/ros2_ljy/install/nova5_description/share/nova5_description/local_setup.sh
[0.707s] -- Symlinking: /home/cpslab/ros2_ljy/install/nova5_description/share/nova5_description/local_setup.zsh
[0.712s] -- Symlinking: /home/cpslab/ros2_ljy/install/nova5_description/share/nova5_description/local_setup.dsv
[0.717s] -- Symlinking: /home/cpslab/ros2_ljy/install/nova5_description/share/nova5_description/package.dsv
[0.722s] -- Symlinking: /home/cpslab/ros2_ljy/install/nova5_description/share/ament_index/resource_index/packages/nova5_description
[0.727s] -- Symlinking: /home/cpslab/ros2_ljy/install/nova5_description/share/nova5_description/cmake/nova5_descriptionConfig.cmake
[0.732s] -- Symlinking: /home/cpslab/ros2_ljy/install/nova5_description/share/nova5_description/cmake/nova5_descriptionConfig-version.cmake
[0.737s] -- Symlinking: /home/cpslab/ros2_ljy/install/nova5_description/share/nova5_description/package.xml
[0.743s] Invoked command in '/home/cpslab/ros2_ljy/build/nova5_description' returned '0': CMAKE_PREFIX_PATH=${CMAKE_PREFIX_PATH}:/opt/ros/foxy /usr/bin/cmake --install /home/cpslab/ros2_ljy/build/nova5_description
