-- Install configuration: ""
-- Execute custom install script
CMake Warning (dev) at ament_cmake_symlink_install/ament_cmake_symlink_install.cmake:62 (file):
  Policy CMP0009 is not set: FILE GLOB_RECURSE calls should not follow
  symlinks by default.  Run "cmake --help-policy CMP0009" for policy details.
  Use the cmake_policy command to set the policy and suppress this warning.
Call Stack (most recent call first):
  ament_cmake_symlink_install/ament_cmake_symlink_install.cmake:314 (ament_cmake_symlink_install_directory)
  cmake_install.cmake:41 (include)
This warning is for project developers.  Use -Wno-dev to suppress it.

-- Up-to-date symlink: /home/cpslab/ros2_ljy/install/nova5_description/share/nova5_description/urdf/build/.built_by
-- Up-to-date symlink: /home/cpslab/ros2_ljy/install/nova5_description/share/nova5_description/urdf/build/COLCON_IGNORE
-- Up-to-date symlink: /home/cpslab/ros2_ljy/install/nova5_description/share/nova5_description/urdf/install/.colcon_install_layout
-- Up-to-date symlink: /home/cpslab/ros2_ljy/install/nova5_description/share/nova5_description/urdf/install/COLCON_IGNORE
-- Up-to-date symlink: /home/cpslab/ros2_ljy/install/nova5_description/share/nova5_description/urdf/install/_local_setup_util_ps1.py
-- Up-to-date symlink: /home/cpslab/ros2_ljy/install/nova5_description/share/nova5_description/urdf/install/_local_setup_util_sh.py
-- Up-to-date symlink: /home/cpslab/ros2_ljy/install/nova5_description/share/nova5_description/urdf/install/local_setup.bash
-- Up-to-date symlink: /home/cpslab/ros2_ljy/install/nova5_description/share/nova5_description/urdf/install/local_setup.ps1
-- Up-to-date symlink: /home/cpslab/ros2_ljy/install/nova5_description/share/nova5_description/urdf/install/local_setup.sh
-- Up-to-date symlink: /home/cpslab/ros2_ljy/install/nova5_description/share/nova5_description/urdf/install/local_setup.zsh
-- Up-to-date symlink: /home/cpslab/ros2_ljy/install/nova5_description/share/nova5_description/urdf/install/setup.bash
-- Up-to-date symlink: /home/cpslab/ros2_ljy/install/nova5_description/share/nova5_description/urdf/install/setup.ps1
-- Up-to-date symlink: /home/cpslab/ros2_ljy/install/nova5_description/share/nova5_description/urdf/install/setup.sh
-- Up-to-date symlink: /home/cpslab/ros2_ljy/install/nova5_description/share/nova5_description/urdf/install/setup.zsh
-- Up-to-date symlink: /home/cpslab/ros2_ljy/install/nova5_description/share/nova5_description/urdf/log/COLCON_IGNORE
-- Up-to-date symlink: /home/cpslab/ros2_ljy/install/nova5_description/share/nova5_description/urdf/log/build_2025-05-11_19-06-57/events.log
-- Up-to-date symlink: /home/cpslab/ros2_ljy/install/nova5_description/share/nova5_description/urdf/log/build_2025-05-11_19-06-57/logger_all.log
-- Up-to-date symlink: /home/cpslab/ros2_ljy/install/nova5_description/share/nova5_description/urdf/log/latest/events.log
-- Up-to-date symlink: /home/cpslab/ros2_ljy/install/nova5_description/share/nova5_description/urdf/log/latest/logger_all.log
-- Up-to-date symlink: /home/cpslab/ros2_ljy/install/nova5_description/share/nova5_description/urdf/log/latest_build/events.log
-- Up-to-date symlink: /home/cpslab/ros2_ljy/install/nova5_description/share/nova5_description/urdf/log/latest_build/logger_all.log
-- Up-to-date symlink: /home/cpslab/ros2_ljy/install/nova5_description/share/nova5_description/urdf/nova5_robot.xacro
-- Up-to-date symlink: /home/cpslab/ros2_ljy/install/nova5_description/share/nova5_description/urdf/nova5_robot_2f85.urdf.xacro
-- Up-to-date symlink: /home/cpslab/ros2_ljy/install/nova5_description/share/nova5_description/meshes/nova5/Link1.STL
-- Up-to-date symlink: /home/cpslab/ros2_ljy/install/nova5_description/share/nova5_description/meshes/nova5/Link2.STL
-- Up-to-date symlink: /home/cpslab/ros2_ljy/install/nova5_description/share/nova5_description/meshes/nova5/Link3.STL
-- Up-to-date symlink: /home/cpslab/ros2_ljy/install/nova5_description/share/nova5_description/meshes/nova5/Link4.STL
-- Up-to-date symlink: /home/cpslab/ros2_ljy/install/nova5_description/share/nova5_description/meshes/nova5/Link5.STL
-- Up-to-date symlink: /home/cpslab/ros2_ljy/install/nova5_description/share/nova5_description/meshes/nova5/Link6.STL
-- Up-to-date symlink: /home/cpslab/ros2_ljy/install/nova5_description/share/nova5_description/meshes/nova5/base_link.STL
-- Up-to-date symlink: /home/cpslab/ros2_ljy/install/nova5_description/share/nova5_description/meshes/robotiq_2f85/inner_finger_coarse.STL
-- Up-to-date symlink: /home/cpslab/ros2_ljy/install/nova5_description/share/nova5_description/meshes/robotiq_2f85/inner_finger_fine.STL
-- Up-to-date symlink: /home/cpslab/ros2_ljy/install/nova5_description/share/nova5_description/meshes/robotiq_2f85/inner_knuckle_coarse.STL
-- Up-to-date symlink: /home/cpslab/ros2_ljy/install/nova5_description/share/nova5_description/meshes/robotiq_2f85/inner_knuckle_fine.STL
-- Up-to-date symlink: /home/cpslab/ros2_ljy/install/nova5_description/share/nova5_description/meshes/robotiq_2f85/outer_finger_coarse.STL
-- Up-to-date symlink: /home/cpslab/ros2_ljy/install/nova5_description/share/nova5_description/meshes/robotiq_2f85/outer_finger_fine.STL
-- Up-to-date symlink: /home/cpslab/ros2_ljy/install/nova5_description/share/nova5_description/meshes/robotiq_2f85/outer_knuckle_coarse.STL
-- Up-to-date symlink: /home/cpslab/ros2_ljy/install/nova5_description/share/nova5_description/meshes/robotiq_2f85/outer_knuckle_fine.STL
-- Up-to-date symlink: /home/cpslab/ros2_ljy/install/nova5_description/share/nova5_description/meshes/robotiq_2f85/robotiq_85_base_link_coarse.STL
-- Up-to-date symlink: /home/cpslab/ros2_ljy/install/nova5_description/share/nova5_description/meshes/robotiq_2f85/robotiq_85_base_link_fine.STL
-- Up-to-date symlink: /home/cpslab/ros2_ljy/install/nova5_description/share/ament_index/resource_index/package_run_dependencies/nova5_description
-- Up-to-date symlink: /home/cpslab/ros2_ljy/install/nova5_description/share/ament_index/resource_index/parent_prefix_path/nova5_description
-- Up-to-date symlink: /home/cpslab/ros2_ljy/install/nova5_description/share/nova5_description/environment/ament_prefix_path.sh
-- Up-to-date symlink: /home/cpslab/ros2_ljy/install/nova5_description/share/nova5_description/environment/ament_prefix_path.dsv
-- Up-to-date symlink: /home/cpslab/ros2_ljy/install/nova5_description/share/nova5_description/environment/path.sh
-- Up-to-date symlink: /home/cpslab/ros2_ljy/install/nova5_description/share/nova5_description/environment/path.dsv
-- Up-to-date symlink: /home/cpslab/ros2_ljy/install/nova5_description/share/nova5_description/local_setup.bash
-- Up-to-date symlink: /home/cpslab/ros2_ljy/install/nova5_description/share/nova5_description/local_setup.sh
-- Up-to-date symlink: /home/cpslab/ros2_ljy/install/nova5_description/share/nova5_description/local_setup.zsh
-- Up-to-date symlink: /home/cpslab/ros2_ljy/install/nova5_description/share/nova5_description/local_setup.dsv
-- Symlinking: /home/cpslab/ros2_ljy/install/nova5_description/share/nova5_description/package.dsv
-- Up-to-date symlink: /home/cpslab/ros2_ljy/install/nova5_description/share/ament_index/resource_index/packages/nova5_description
-- Up-to-date symlink: /home/cpslab/ros2_ljy/install/nova5_description/share/nova5_description/cmake/nova5_descriptionConfig.cmake
-- Up-to-date symlink: /home/cpslab/ros2_ljy/install/nova5_description/share/nova5_description/cmake/nova5_descriptionConfig-version.cmake
-- Up-to-date symlink: /home/cpslab/ros2_ljy/install/nova5_description/share/nova5_description/package.xml
