[0.121s] DEBUG:colcon:Command line arguments: ['/usr/bin/colcon', 'build', '--symlink-install']
[0.121s] DEBUG:colcon:Parsed command line arguments: Namespace(allow_overriding=[], ament_cmake_args=None, base_paths=['.'], build_base='build', catkin_cmake_args=None, catkin_skip_building_tests=False, cmake_args=None, cmake_clean_cache=False, cmake_clean_first=False, cmake_force_configure=False, cmake_target=None, cmake_target_skip_unavailable=False, continue_on_error=False, event_handlers=None, executor='parallel', ignore_user_meta=False, install_base='install', log_base=None, log_level=None, main=<bound method BuildVerb.main of <colcon_core.verb.build.BuildVerb object at 0x7fe87d144f70>>, merge_install=False, metas=['./colcon.meta'], mixin=None, mixin_files=None, mixin_verb=('build',), packages_above=None, packages_above_and_dependencies=None, packages_above_depth=None, packages_end=None, packages_ignore=None, packages_ignore_regex=None, packages_select=None, packages_select_build_failed=False, packages_select_by_dep=None, packages_select_regex=None, packages_select_test_failures=False, packages_skip=None, packages_skip_build_finished=False, packages_skip_by_dep=None, packages_skip_regex=None, packages_skip_test_passed=False, packages_skip_up_to=None, packages_start=None, packages_up_to=None, packages_up_to_regex=None, parallel_workers=32, paths=None, symlink_install=True, test_result_base=None, verb_extension=<colcon_core.verb.build.BuildVerb object at 0x7fe87d144f70>, verb_name='build', verb_parser=<colcon_mixin.mixin.mixin_argument.MixinArgumentDecorator object at 0x7fe87d14ba30>)
[0.205s] Level 1:colcon.colcon_core.package_discovery:discover_packages(colcon_meta) check parameters
[0.205s] Level 1:colcon.colcon_core.package_discovery:discover_packages(recursive) check parameters
[0.205s] Level 1:colcon.colcon_core.package_discovery:discover_packages(ignore) check parameters
[0.205s] Level 1:colcon.colcon_core.package_discovery:discover_packages(path) check parameters
[0.205s] Level 1:colcon.colcon_core.package_discovery:discover_packages(colcon_meta) discover
[0.205s] Level 1:colcon.colcon_core.package_discovery:discover_packages(recursive) discover
[0.205s] INFO:colcon.colcon_core.package_discovery:Crawling recursively for packages in '/home/cpslab/ros2_ljy'
[0.205s] Level 1:colcon.colcon_core.package_identification:_identify(.) by extensions ['ignore', 'ignore_ament_install']
[0.205s] Level 1:colcon.colcon_core.package_identification:_identify(.) by extension 'ignore'
[0.205s] Level 1:colcon.colcon_core.package_identification:_identify(.) by extension 'ignore_ament_install'
[0.205s] Level 1:colcon.colcon_core.package_identification:_identify(.) by extensions ['colcon_pkg']
[0.205s] Level 1:colcon.colcon_core.package_identification:_identify(.) by extension 'colcon_pkg'
[0.205s] Level 1:colcon.colcon_core.package_identification:_identify(.) by extensions ['colcon_meta']
[0.205s] Level 1:colcon.colcon_core.package_identification:_identify(.) by extension 'colcon_meta'
[0.205s] Level 1:colcon.colcon_core.package_identification:_identify(.) by extensions ['ros']
[0.205s] Level 1:colcon.colcon_core.package_identification:_identify(.) by extension 'ros'
[0.212s] Level 1:colcon.colcon_core.package_identification:_identify(.) by extensions ['cmake', 'python']
[0.212s] Level 1:colcon.colcon_core.package_identification:_identify(.) by extension 'cmake'
[0.212s] Level 1:colcon.colcon_core.package_identification:_identify(.) by extension 'python'
[0.212s] Level 1:colcon.colcon_core.package_identification:_identify(.) by extensions ['python_setup_py']
[0.212s] Level 1:colcon.colcon_core.package_identification:_identify(.) by extension 'python_setup_py'
[0.212s] Level 1:colcon.colcon_core.package_identification:_identify(build) by extensions ['ignore', 'ignore_ament_install']
[0.212s] Level 1:colcon.colcon_core.package_identification:_identify(build) by extension 'ignore'
[0.212s] Level 1:colcon.colcon_core.package_identification:_identify(build) ignored
[0.212s] Level 1:colcon.colcon_core.package_identification:_identify(install) by extensions ['ignore', 'ignore_ament_install']
[0.212s] Level 1:colcon.colcon_core.package_identification:_identify(install) by extension 'ignore'
[0.212s] Level 1:colcon.colcon_core.package_identification:_identify(install) ignored
[0.213s] Level 1:colcon.colcon_core.package_identification:_identify(log) by extensions ['ignore', 'ignore_ament_install']
[0.213s] Level 1:colcon.colcon_core.package_identification:_identify(log) by extension 'ignore'
[0.213s] Level 1:colcon.colcon_core.package_identification:_identify(log) ignored
[0.213s] Level 1:colcon.colcon_core.package_identification:_identify(src) by extensions ['ignore', 'ignore_ament_install']
[0.213s] Level 1:colcon.colcon_core.package_identification:_identify(src) by extension 'ignore'
[0.213s] Level 1:colcon.colcon_core.package_identification:_identify(src) by extension 'ignore_ament_install'
[0.213s] Level 1:colcon.colcon_core.package_identification:_identify(src) by extensions ['colcon_pkg']
[0.213s] Level 1:colcon.colcon_core.package_identification:_identify(src) by extension 'colcon_pkg'
[0.213s] Level 1:colcon.colcon_core.package_identification:_identify(src) by extensions ['colcon_meta']
[0.213s] Level 1:colcon.colcon_core.package_identification:_identify(src) by extension 'colcon_meta'
[0.213s] Level 1:colcon.colcon_core.package_identification:_identify(src) by extensions ['ros']
[0.213s] Level 1:colcon.colcon_core.package_identification:_identify(src) by extension 'ros'
[0.213s] Level 1:colcon.colcon_core.package_identification:_identify(src) by extensions ['cmake', 'python']
[0.213s] Level 1:colcon.colcon_core.package_identification:_identify(src) by extension 'cmake'
[0.213s] Level 1:colcon.colcon_core.package_identification:_identify(src) by extension 'python'
[0.213s] Level 1:colcon.colcon_core.package_identification:_identify(src) by extensions ['python_setup_py']
[0.213s] Level 1:colcon.colcon_core.package_identification:_identify(src) by extension 'python_setup_py'
[0.213s] Level 1:colcon.colcon_core.package_identification:_identify(src/Nova_ROS2) by extensions ['ignore', 'ignore_ament_install']
[0.213s] Level 1:colcon.colcon_core.package_identification:_identify(src/Nova_ROS2) by extension 'ignore'
[0.213s] Level 1:colcon.colcon_core.package_identification:_identify(src/Nova_ROS2) by extension 'ignore_ament_install'
[0.213s] Level 1:colcon.colcon_core.package_identification:_identify(src/Nova_ROS2) by extensions ['colcon_pkg']
[0.213s] Level 1:colcon.colcon_core.package_identification:_identify(src/Nova_ROS2) by extension 'colcon_pkg'
[0.213s] Level 1:colcon.colcon_core.package_identification:_identify(src/Nova_ROS2) by extensions ['colcon_meta']
[0.213s] Level 1:colcon.colcon_core.package_identification:_identify(src/Nova_ROS2) by extension 'colcon_meta'
[0.213s] Level 1:colcon.colcon_core.package_identification:_identify(src/Nova_ROS2) by extensions ['ros']
[0.213s] Level 1:colcon.colcon_core.package_identification:_identify(src/Nova_ROS2) by extension 'ros'
[0.213s] Level 1:colcon.colcon_core.package_identification:_identify(src/Nova_ROS2) by extensions ['cmake', 'python']
[0.213s] Level 1:colcon.colcon_core.package_identification:_identify(src/Nova_ROS2) by extension 'cmake'
[0.213s] Level 1:colcon.colcon_core.package_identification:_identify(src/Nova_ROS2) by extension 'python'
[0.213s] Level 1:colcon.colcon_core.package_identification:_identify(src/Nova_ROS2) by extensions ['python_setup_py']
[0.213s] Level 1:colcon.colcon_core.package_identification:_identify(src/Nova_ROS2) by extension 'python_setup_py'
[0.213s] Level 1:colcon.colcon_core.package_identification:_identify(src/Nova_ROS2/nova5_control) by extensions ['ignore', 'ignore_ament_install']
[0.213s] Level 1:colcon.colcon_core.package_identification:_identify(src/Nova_ROS2/nova5_control) by extension 'ignore'
[0.213s] Level 1:colcon.colcon_core.package_identification:_identify(src/Nova_ROS2/nova5_control) by extension 'ignore_ament_install'
[0.213s] Level 1:colcon.colcon_core.package_identification:_identify(src/Nova_ROS2/nova5_control) by extensions ['colcon_pkg']
[0.213s] Level 1:colcon.colcon_core.package_identification:_identify(src/Nova_ROS2/nova5_control) by extension 'colcon_pkg'
[0.213s] Level 1:colcon.colcon_core.package_identification:_identify(src/Nova_ROS2/nova5_control) by extensions ['colcon_meta']
[0.214s] Level 1:colcon.colcon_core.package_identification:_identify(src/Nova_ROS2/nova5_control) by extension 'colcon_meta'
[0.214s] Level 1:colcon.colcon_core.package_identification:_identify(src/Nova_ROS2/nova5_control) by extensions ['ros']
[0.214s] Level 1:colcon.colcon_core.package_identification:_identify(src/Nova_ROS2/nova5_control) by extension 'ros'
[0.215s] DEBUG:colcon.colcon_core.package_identification:Package 'src/Nova_ROS2/nova5_control' with type 'ros.ament_cmake' and name 'nova5_control'
[0.215s] Level 1:colcon.colcon_core.package_identification:_identify(src/Nova_ROS2/nova5_description) by extensions ['ignore', 'ignore_ament_install']
[0.215s] Level 1:colcon.colcon_core.package_identification:_identify(src/Nova_ROS2/nova5_description) by extension 'ignore'
[0.215s] Level 1:colcon.colcon_core.package_identification:_identify(src/Nova_ROS2/nova5_description) by extension 'ignore_ament_install'
[0.215s] Level 1:colcon.colcon_core.package_identification:_identify(src/Nova_ROS2/nova5_description) by extensions ['colcon_pkg']
[0.215s] Level 1:colcon.colcon_core.package_identification:_identify(src/Nova_ROS2/nova5_description) by extension 'colcon_pkg'
[0.216s] Level 1:colcon.colcon_core.package_identification:_identify(src/Nova_ROS2/nova5_description) by extensions ['colcon_meta']
[0.216s] Level 1:colcon.colcon_core.package_identification:_identify(src/Nova_ROS2/nova5_description) by extension 'colcon_meta'
[0.216s] Level 1:colcon.colcon_core.package_identification:_identify(src/Nova_ROS2/nova5_description) by extensions ['ros']
[0.216s] Level 1:colcon.colcon_core.package_identification:_identify(src/Nova_ROS2/nova5_description) by extension 'ros'
[0.216s] DEBUG:colcon.colcon_core.package_identification:Package 'src/Nova_ROS2/nova5_description' with type 'ros.ament_cmake' and name 'nova5_description'
[0.216s] Level 1:colcon.colcon_core.package_identification:_identify(src/log) by extensions ['ignore', 'ignore_ament_install']
[0.216s] Level 1:colcon.colcon_core.package_identification:_identify(src/log) by extension 'ignore'
[0.216s] Level 1:colcon.colcon_core.package_identification:_identify(src/log) ignored
[0.216s] Level 1:colcon.colcon_core.package_discovery:discover_packages(recursive) using defaults
[0.216s] Level 1:colcon.colcon_core.package_discovery:discover_packages(ignore) discover
[0.216s] Level 1:colcon.colcon_core.package_discovery:discover_packages(ignore) using defaults
[0.216s] Level 1:colcon.colcon_core.package_discovery:discover_packages(path) discover
[0.216s] Level 1:colcon.colcon_core.package_discovery:discover_packages(path) using defaults
[0.226s] Level 1:colcon.colcon_core.package_discovery:discover_packages(prefix_path) check parameters
[0.226s] Level 1:colcon.colcon_core.package_discovery:discover_packages(prefix_path) discover
[0.227s] DEBUG:colcon.colcon_installed_package_information.package_discovery:Found 2 installed packages in /home/cpslab/ros2_ljy/install
[0.228s] DEBUG:colcon.colcon_installed_package_information.package_discovery:Found 335 installed packages in /opt/ros/foxy
[0.234s] Level 1:colcon.colcon_core.package_discovery:discover_packages(prefix_path) using defaults
[0.268s] Level 5:colcon.colcon_core.verb:set package 'nova5_control' build argument 'cmake_args' from command line to 'None'
[0.268s] Level 5:colcon.colcon_core.verb:set package 'nova5_control' build argument 'cmake_target' from command line to 'None'
[0.268s] Level 5:colcon.colcon_core.verb:set package 'nova5_control' build argument 'cmake_target_skip_unavailable' from command line to 'False'
[0.268s] Level 5:colcon.colcon_core.verb:set package 'nova5_control' build argument 'cmake_clean_cache' from command line to 'False'
[0.268s] Level 5:colcon.colcon_core.verb:set package 'nova5_control' build argument 'cmake_clean_first' from command line to 'False'
[0.268s] Level 5:colcon.colcon_core.verb:set package 'nova5_control' build argument 'cmake_force_configure' from command line to 'False'
[0.268s] Level 5:colcon.colcon_core.verb:set package 'nova5_control' build argument 'ament_cmake_args' from command line to 'None'
[0.268s] Level 5:colcon.colcon_core.verb:set package 'nova5_control' build argument 'catkin_cmake_args' from command line to 'None'
[0.268s] Level 5:colcon.colcon_core.verb:set package 'nova5_control' build argument 'catkin_skip_building_tests' from command line to 'False'
[0.268s] DEBUG:colcon.colcon_core.verb:Building package 'nova5_control' with the following arguments: {'ament_cmake_args': None, 'build_base': '/home/cpslab/ros2_ljy/build/nova5_control', 'catkin_cmake_args': None, 'catkin_skip_building_tests': False, 'cmake_args': None, 'cmake_clean_cache': False, 'cmake_clean_first': False, 'cmake_force_configure': False, 'cmake_target': None, 'cmake_target_skip_unavailable': False, 'install_base': '/home/cpslab/ros2_ljy/install/nova5_control', 'merge_install': False, 'path': '/home/cpslab/ros2_ljy/src/Nova_ROS2/nova5_control', 'symlink_install': True, 'test_result_base': None}
[0.268s] Level 5:colcon.colcon_core.verb:set package 'nova5_description' build argument 'cmake_args' from command line to 'None'
[0.269s] Level 5:colcon.colcon_core.verb:set package 'nova5_description' build argument 'cmake_target' from command line to 'None'
[0.269s] Level 5:colcon.colcon_core.verb:set package 'nova5_description' build argument 'cmake_target_skip_unavailable' from command line to 'False'
[0.269s] Level 5:colcon.colcon_core.verb:set package 'nova5_description' build argument 'cmake_clean_cache' from command line to 'False'
[0.269s] Level 5:colcon.colcon_core.verb:set package 'nova5_description' build argument 'cmake_clean_first' from command line to 'False'
[0.269s] Level 5:colcon.colcon_core.verb:set package 'nova5_description' build argument 'cmake_force_configure' from command line to 'False'
[0.269s] Level 5:colcon.colcon_core.verb:set package 'nova5_description' build argument 'ament_cmake_args' from command line to 'None'
[0.269s] Level 5:colcon.colcon_core.verb:set package 'nova5_description' build argument 'catkin_cmake_args' from command line to 'None'
[0.269s] Level 5:colcon.colcon_core.verb:set package 'nova5_description' build argument 'catkin_skip_building_tests' from command line to 'False'
[0.269s] DEBUG:colcon.colcon_core.verb:Building package 'nova5_description' with the following arguments: {'ament_cmake_args': None, 'build_base': '/home/cpslab/ros2_ljy/build/nova5_description', 'catkin_cmake_args': None, 'catkin_skip_building_tests': False, 'cmake_args': None, 'cmake_clean_cache': False, 'cmake_clean_first': False, 'cmake_force_configure': False, 'cmake_target': None, 'cmake_target_skip_unavailable': False, 'install_base': '/home/cpslab/ros2_ljy/install/nova5_description', 'merge_install': False, 'path': '/home/cpslab/ros2_ljy/src/Nova_ROS2/nova5_description', 'symlink_install': True, 'test_result_base': None}
[0.269s] INFO:colcon.colcon_core.executor:Executing jobs using 'parallel' executor
[0.269s] DEBUG:colcon.colcon_parallel_executor.executor.parallel:run_until_complete
[0.269s] INFO:colcon.colcon_ros.task.ament_cmake.build:Building ROS package in '/home/cpslab/ros2_ljy/src/Nova_ROS2/nova5_control' with build type 'ament_cmake'
[0.269s] INFO:colcon.colcon_cmake.task.cmake.build:Building CMake package in '/home/cpslab/ros2_ljy/src/Nova_ROS2/nova5_control'
[0.271s] INFO:colcon.colcon_core.plugin_system:Skipping extension 'colcon_core.shell.bat': Not used on non-Windows systems
[0.271s] INFO:colcon.colcon_core.shell:Skip shell extension 'powershell' for command environment: Not usable outside of PowerShell
[0.271s] DEBUG:colcon.colcon_core.shell:Skip shell extension 'dsv' for command environment
[0.274s] INFO:colcon.colcon_ros.task.ament_cmake.build:Building ROS package in '/home/cpslab/ros2_ljy/src/Nova_ROS2/nova5_description' with build type 'ament_cmake'
[0.274s] INFO:colcon.colcon_cmake.task.cmake.build:Building CMake package in '/home/cpslab/ros2_ljy/src/Nova_ROS2/nova5_description'
[0.274s] INFO:colcon.colcon_core.shell:Skip shell extension 'powershell' for command environment: Not usable outside of PowerShell
[0.274s] DEBUG:colcon.colcon_core.shell:Skip shell extension 'dsv' for command environment
[0.280s] DEBUG:colcon.colcon_core.event_handler.log_command:Invoking command in '/home/cpslab/ros2_ljy/build/nova5_control': CMAKE_PREFIX_PATH=${CMAKE_PREFIX_PATH}:/opt/ros/foxy /usr/bin/cmake --build /home/cpslab/ros2_ljy/build/nova5_control -- -j32 -l32
[0.284s] DEBUG:colcon.colcon_core.event_handler.log_command:Invoking command in '/home/cpslab/ros2_ljy/build/nova5_description': CMAKE_PREFIX_PATH=${CMAKE_PREFIX_PATH}:/opt/ros/foxy /usr/bin/cmake --build /home/cpslab/ros2_ljy/build/nova5_description -- -j32 -l32
[0.302s] DEBUG:colcon.colcon_core.event_handler.log_command:Invoked command in '/home/cpslab/ros2_ljy/build/nova5_control' returned '0': CMAKE_PREFIX_PATH=${CMAKE_PREFIX_PATH}:/opt/ros/foxy /usr/bin/cmake --build /home/cpslab/ros2_ljy/build/nova5_control -- -j32 -l32
[0.308s] DEBUG:colcon.colcon_core.event_handler.log_command:Invoking command in '/home/cpslab/ros2_ljy/build/nova5_control': CMAKE_PREFIX_PATH=${CMAKE_PREFIX_PATH}:/opt/ros/foxy /usr/bin/cmake --install /home/cpslab/ros2_ljy/build/nova5_control
[0.311s] DEBUG:colcon.colcon_core.event_handler.log_command:Invoked command in '/home/cpslab/ros2_ljy/build/nova5_description' returned '0': CMAKE_PREFIX_PATH=${CMAKE_PREFIX_PATH}:/opt/ros/foxy /usr/bin/cmake --build /home/cpslab/ros2_ljy/build/nova5_description -- -j32 -l32
[0.312s] DEBUG:colcon.colcon_core.event_handler.log_command:Invoking command in '/home/cpslab/ros2_ljy/build/nova5_description': CMAKE_PREFIX_PATH=${CMAKE_PREFIX_PATH}:/opt/ros/foxy /usr/bin/cmake --install /home/cpslab/ros2_ljy/build/nova5_description
[0.324s] Level 1:colcon.colcon_core.environment:create_environment_scripts_only(nova5_control)
[0.324s] DEBUG:colcon.colcon_core.event_handler.log_command:Invoked command in '/home/cpslab/ros2_ljy/build/nova5_control' returned '0': CMAKE_PREFIX_PATH=${CMAKE_PREFIX_PATH}:/opt/ros/foxy /usr/bin/cmake --install /home/cpslab/ros2_ljy/build/nova5_control
[0.326s] Level 1:colcon.colcon_core.environment:checking '/home/cpslab/ros2_ljy/install/nova5_control' for CMake module files
[0.326s] Level 1:colcon.colcon_core.environment:checking '/home/cpslab/ros2_ljy/install/nova5_control' for CMake config files
[0.326s] Level 1:colcon.colcon_core.shell:create_environment_hook('nova5_control', 'cmake_prefix_path')
[0.326s] INFO:colcon.colcon_core.shell:Creating environment hook '/home/cpslab/ros2_ljy/install/nova5_control/share/nova5_control/hook/cmake_prefix_path.ps1'
[0.327s] INFO:colcon.colcon_core.shell:Creating environment descriptor '/home/cpslab/ros2_ljy/install/nova5_control/share/nova5_control/hook/cmake_prefix_path.dsv'
[0.327s] INFO:colcon.colcon_core.shell:Creating environment hook '/home/cpslab/ros2_ljy/install/nova5_control/share/nova5_control/hook/cmake_prefix_path.sh'
[0.328s] Level 1:colcon.colcon_core.environment:checking '/home/cpslab/ros2_ljy/install/nova5_control/bin'
[0.328s] Level 1:colcon.colcon_core.environment:checking '/home/cpslab/ros2_ljy/install/nova5_control/lib/pkgconfig/nova5_control.pc'
[0.328s] Level 1:colcon.colcon_core.environment:checking '/home/cpslab/ros2_ljy/install/nova5_control/lib/python3.8/site-packages'
[0.328s] Level 1:colcon.colcon_core.environment:checking '/home/cpslab/ros2_ljy/install/nova5_control/bin'
[0.328s] INFO:colcon.colcon_core.shell:Creating package script '/home/cpslab/ros2_ljy/install/nova5_control/share/nova5_control/package.ps1'
[0.329s] INFO:colcon.colcon_core.shell:Creating package descriptor '/home/cpslab/ros2_ljy/install/nova5_control/share/nova5_control/package.dsv'
[0.329s] INFO:colcon.colcon_core.shell:Creating package script '/home/cpslab/ros2_ljy/install/nova5_control/share/nova5_control/package.sh'
[0.330s] INFO:colcon.colcon_core.shell:Creating package script '/home/cpslab/ros2_ljy/install/nova5_control/share/nova5_control/package.bash'
[0.330s] INFO:colcon.colcon_core.shell:Creating package script '/home/cpslab/ros2_ljy/install/nova5_control/share/nova5_control/package.zsh'
[0.330s] Level 1:colcon.colcon_core.environment:create_file_with_runtime_dependencies(/home/cpslab/ros2_ljy/install/nova5_control/share/colcon-core/packages/nova5_control)
[0.331s] Level 1:colcon.colcon_core.environment:create_environment_scripts_only(nova5_control)
[0.331s] Level 1:colcon.colcon_core.environment:checking '/home/cpslab/ros2_ljy/install/nova5_control' for CMake module files
[0.331s] Level 1:colcon.colcon_core.environment:checking '/home/cpslab/ros2_ljy/install/nova5_control' for CMake config files
[0.331s] Level 1:colcon.colcon_core.shell:create_environment_hook('nova5_control', 'cmake_prefix_path')
[0.331s] INFO:colcon.colcon_core.shell:Creating environment hook '/home/cpslab/ros2_ljy/install/nova5_control/share/nova5_control/hook/cmake_prefix_path.ps1'
[0.331s] INFO:colcon.colcon_core.shell:Creating environment descriptor '/home/cpslab/ros2_ljy/install/nova5_control/share/nova5_control/hook/cmake_prefix_path.dsv'
[0.332s] INFO:colcon.colcon_core.shell:Creating environment hook '/home/cpslab/ros2_ljy/install/nova5_control/share/nova5_control/hook/cmake_prefix_path.sh'
[0.332s] Level 1:colcon.colcon_core.environment:checking '/home/cpslab/ros2_ljy/install/nova5_control/bin'
[0.332s] Level 1:colcon.colcon_core.environment:checking '/home/cpslab/ros2_ljy/install/nova5_control/lib/pkgconfig/nova5_control.pc'
[0.332s] Level 1:colcon.colcon_core.environment:checking '/home/cpslab/ros2_ljy/install/nova5_control/lib/python3.8/site-packages'
[0.332s] Level 1:colcon.colcon_core.environment:checking '/home/cpslab/ros2_ljy/install/nova5_control/bin'
[0.332s] INFO:colcon.colcon_core.shell:Creating package script '/home/cpslab/ros2_ljy/install/nova5_control/share/nova5_control/package.ps1'
[0.333s] INFO:colcon.colcon_core.shell:Creating package descriptor '/home/cpslab/ros2_ljy/install/nova5_control/share/nova5_control/package.dsv'
[0.333s] INFO:colcon.colcon_core.shell:Creating package script '/home/cpslab/ros2_ljy/install/nova5_control/share/nova5_control/package.sh'
[0.333s] INFO:colcon.colcon_core.shell:Creating package script '/home/cpslab/ros2_ljy/install/nova5_control/share/nova5_control/package.bash'
[0.333s] INFO:colcon.colcon_core.shell:Creating package script '/home/cpslab/ros2_ljy/install/nova5_control/share/nova5_control/package.zsh'
[0.333s] Level 1:colcon.colcon_core.environment:create_file_with_runtime_dependencies(/home/cpslab/ros2_ljy/install/nova5_control/share/colcon-core/packages/nova5_control)
[0.334s] Level 1:colcon.colcon_core.environment:create_environment_scripts_only(nova5_description)
[0.334s] Level 1:colcon.colcon_core.environment:checking '/home/cpslab/ros2_ljy/install/nova5_description' for CMake module files
[0.335s] DEBUG:colcon.colcon_core.event_handler.log_command:Invoked command in '/home/cpslab/ros2_ljy/build/nova5_description' returned '0': CMAKE_PREFIX_PATH=${CMAKE_PREFIX_PATH}:/opt/ros/foxy /usr/bin/cmake --install /home/cpslab/ros2_ljy/build/nova5_description
[0.335s] Level 1:colcon.colcon_core.environment:checking '/home/cpslab/ros2_ljy/install/nova5_description' for CMake config files
[0.335s] Level 1:colcon.colcon_core.shell:create_environment_hook('nova5_description', 'cmake_prefix_path')
[0.335s] INFO:colcon.colcon_core.shell:Creating environment hook '/home/cpslab/ros2_ljy/install/nova5_description/share/nova5_description/hook/cmake_prefix_path.ps1'
[0.335s] INFO:colcon.colcon_core.shell:Creating environment descriptor '/home/cpslab/ros2_ljy/install/nova5_description/share/nova5_description/hook/cmake_prefix_path.dsv'
[0.336s] INFO:colcon.colcon_core.shell:Creating environment hook '/home/cpslab/ros2_ljy/install/nova5_description/share/nova5_description/hook/cmake_prefix_path.sh'
[0.336s] Level 1:colcon.colcon_core.environment:checking '/home/cpslab/ros2_ljy/install/nova5_description/bin'
[0.336s] Level 1:colcon.colcon_core.environment:checking '/home/cpslab/ros2_ljy/install/nova5_description/lib/pkgconfig/nova5_description.pc'
[0.336s] Level 1:colcon.colcon_core.environment:checking '/home/cpslab/ros2_ljy/install/nova5_description/lib/python3.8/site-packages'
[0.336s] Level 1:colcon.colcon_core.environment:checking '/home/cpslab/ros2_ljy/install/nova5_description/bin'
[0.336s] INFO:colcon.colcon_core.shell:Creating package script '/home/cpslab/ros2_ljy/install/nova5_description/share/nova5_description/package.ps1'
[0.336s] INFO:colcon.colcon_core.shell:Creating package descriptor '/home/cpslab/ros2_ljy/install/nova5_description/share/nova5_description/package.dsv'
[0.337s] INFO:colcon.colcon_core.shell:Creating package script '/home/cpslab/ros2_ljy/install/nova5_description/share/nova5_description/package.sh'
[0.337s] INFO:colcon.colcon_core.shell:Creating package script '/home/cpslab/ros2_ljy/install/nova5_description/share/nova5_description/package.bash'
[0.337s] INFO:colcon.colcon_core.shell:Creating package script '/home/cpslab/ros2_ljy/install/nova5_description/share/nova5_description/package.zsh'
[0.337s] Level 1:colcon.colcon_core.environment:create_file_with_runtime_dependencies(/home/cpslab/ros2_ljy/install/nova5_description/share/colcon-core/packages/nova5_description)
[0.337s] Level 1:colcon.colcon_core.environment:create_environment_scripts_only(nova5_description)
[0.338s] Level 1:colcon.colcon_core.environment:checking '/home/cpslab/ros2_ljy/install/nova5_description' for CMake module files
[0.338s] Level 1:colcon.colcon_core.environment:checking '/home/cpslab/ros2_ljy/install/nova5_description' for CMake config files
[0.338s] Level 1:colcon.colcon_core.shell:create_environment_hook('nova5_description', 'cmake_prefix_path')
[0.338s] INFO:colcon.colcon_core.shell:Creating environment hook '/home/cpslab/ros2_ljy/install/nova5_description/share/nova5_description/hook/cmake_prefix_path.ps1'
[0.338s] INFO:colcon.colcon_core.shell:Creating environment descriptor '/home/cpslab/ros2_ljy/install/nova5_description/share/nova5_description/hook/cmake_prefix_path.dsv'
[0.338s] INFO:colcon.colcon_core.shell:Creating environment hook '/home/cpslab/ros2_ljy/install/nova5_description/share/nova5_description/hook/cmake_prefix_path.sh'
[0.339s] Level 1:colcon.colcon_core.environment:checking '/home/cpslab/ros2_ljy/install/nova5_description/bin'
[0.339s] Level 1:colcon.colcon_core.environment:checking '/home/cpslab/ros2_ljy/install/nova5_description/lib/pkgconfig/nova5_description.pc'
[0.339s] Level 1:colcon.colcon_core.environment:checking '/home/cpslab/ros2_ljy/install/nova5_description/lib/python3.8/site-packages'
[0.339s] Level 1:colcon.colcon_core.environment:checking '/home/cpslab/ros2_ljy/install/nova5_description/bin'
[0.339s] INFO:colcon.colcon_core.shell:Creating package script '/home/cpslab/ros2_ljy/install/nova5_description/share/nova5_description/package.ps1'
[0.339s] INFO:colcon.colcon_core.shell:Creating package descriptor '/home/cpslab/ros2_ljy/install/nova5_description/share/nova5_description/package.dsv'
[0.340s] INFO:colcon.colcon_core.shell:Creating package script '/home/cpslab/ros2_ljy/install/nova5_description/share/nova5_description/package.sh'
[0.340s] INFO:colcon.colcon_core.shell:Creating package script '/home/cpslab/ros2_ljy/install/nova5_description/share/nova5_description/package.bash'
[0.340s] INFO:colcon.colcon_core.shell:Creating package script '/home/cpslab/ros2_ljy/install/nova5_description/share/nova5_description/package.zsh'
[0.340s] Level 1:colcon.colcon_core.environment:create_file_with_runtime_dependencies(/home/cpslab/ros2_ljy/install/nova5_description/share/colcon-core/packages/nova5_description)
[0.340s] DEBUG:colcon.colcon_parallel_executor.executor.parallel:closing loop
[0.341s] DEBUG:colcon.colcon_parallel_executor.executor.parallel:loop closed
[0.341s] DEBUG:colcon.colcon_parallel_executor.executor.parallel:run_until_complete finished with '0'
[0.341s] DEBUG:colcon.colcon_core.event_reactor:joining thread
[0.344s] INFO:colcon.colcon_core.plugin_system:Skipping extension 'colcon_notification.desktop_notification.terminal_notifier': Not used on non-Darwin systems
[0.344s] INFO:colcon.colcon_core.plugin_system:Skipping extension 'colcon_notification.desktop_notification.win32': Not used on non-Windows systems
[0.344s] INFO:colcon.colcon_notification.desktop_notification:Sending desktop notification using 'notify2'
[0.357s] DEBUG:colcon.colcon_core.event_reactor:joined thread
[0.358s] INFO:colcon.colcon_core.shell:Creating prefix script '/home/cpslab/ros2_ljy/install/local_setup.ps1'
[0.358s] INFO:colcon.colcon_core.shell:Creating prefix util module '/home/cpslab/ros2_ljy/install/_local_setup_util_ps1.py'
[0.359s] INFO:colcon.colcon_core.shell:Creating prefix chain script '/home/cpslab/ros2_ljy/install/setup.ps1'
[0.360s] INFO:colcon.colcon_core.shell:Creating prefix script '/home/cpslab/ros2_ljy/install/local_setup.sh'
[0.360s] INFO:colcon.colcon_core.shell:Creating prefix util module '/home/cpslab/ros2_ljy/install/_local_setup_util_sh.py'
[0.360s] INFO:colcon.colcon_core.shell:Creating prefix chain script '/home/cpslab/ros2_ljy/install/setup.sh'
[0.361s] INFO:colcon.colcon_core.shell:Creating prefix script '/home/cpslab/ros2_ljy/install/local_setup.bash'
[0.361s] INFO:colcon.colcon_core.shell:Creating prefix chain script '/home/cpslab/ros2_ljy/install/setup.bash'
[0.362s] INFO:colcon.colcon_core.shell:Creating prefix script '/home/cpslab/ros2_ljy/install/local_setup.zsh'
[0.362s] INFO:colcon.colcon_core.shell:Creating prefix chain script '/home/cpslab/ros2_ljy/install/setup.zsh'
