[0.112s] DEBUG:colcon:Command line arguments: ['/usr/bin/colcon', 'build', '--symlink-install']
[0.112s] DEBUG:colcon:Parsed command line arguments: Namespace(allow_overriding=[], ament_cmake_args=None, base_paths=['.'], build_base='build', catkin_cmake_args=None, catkin_skip_building_tests=False, cmake_args=None, cmake_clean_cache=False, cmake_clean_first=False, cmake_force_configure=False, cmake_target=None, cmake_target_skip_unavailable=False, continue_on_error=False, event_handlers=None, executor='parallel', ignore_user_meta=False, install_base='install', log_base=None, log_level=None, main=<bound method BuildVerb.main of <colcon_core.verb.build.BuildVerb object at 0x7f2834951f70>>, merge_install=False, metas=['./colcon.meta'], mixin=None, mixin_files=None, mixin_verb=('build',), packages_above=None, packages_above_and_dependencies=None, packages_above_depth=None, packages_end=None, packages_ignore=None, packages_ignore_regex=None, packages_select=None, packages_select_build_failed=False, packages_select_by_dep=None, packages_select_regex=None, packages_select_test_failures=False, packages_skip=None, packages_skip_build_finished=False, packages_skip_by_dep=None, packages_skip_regex=None, packages_skip_test_passed=False, packages_skip_up_to=None, packages_start=None, packages_up_to=None, packages_up_to_regex=None, parallel_workers=32, paths=None, symlink_install=True, test_result_base=None, verb_extension=<colcon_core.verb.build.BuildVerb object at 0x7f2834951f70>, verb_name='build', verb_parser=<colcon_mixin.mixin.mixin_argument.MixinArgumentDecorator object at 0x7f2834957a30>)
[0.196s] Level 1:colcon.colcon_core.package_discovery:discover_packages(colcon_meta) check parameters
[0.196s] Level 1:colcon.colcon_core.package_discovery:discover_packages(recursive) check parameters
[0.196s] Level 1:colcon.colcon_core.package_discovery:discover_packages(ignore) check parameters
[0.196s] Level 1:colcon.colcon_core.package_discovery:discover_packages(path) check parameters
[0.196s] Level 1:colcon.colcon_core.package_discovery:discover_packages(colcon_meta) discover
[0.196s] Level 1:colcon.colcon_core.package_discovery:discover_packages(recursive) discover
[0.197s] INFO:colcon.colcon_core.package_discovery:Crawling recursively for packages in '/home/cpslab/ros2_ljy'
[0.197s] Level 1:colcon.colcon_core.package_identification:_identify(.) by extensions ['ignore', 'ignore_ament_install']
[0.197s] Level 1:colcon.colcon_core.package_identification:_identify(.) by extension 'ignore'
[0.197s] Level 1:colcon.colcon_core.package_identification:_identify(.) by extension 'ignore_ament_install'
[0.197s] Level 1:colcon.colcon_core.package_identification:_identify(.) by extensions ['colcon_pkg']
[0.197s] Level 1:colcon.colcon_core.package_identification:_identify(.) by extension 'colcon_pkg'
[0.197s] Level 1:colcon.colcon_core.package_identification:_identify(.) by extensions ['colcon_meta']
[0.197s] Level 1:colcon.colcon_core.package_identification:_identify(.) by extension 'colcon_meta'
[0.197s] Level 1:colcon.colcon_core.package_identification:_identify(.) by extensions ['ros']
[0.197s] Level 1:colcon.colcon_core.package_identification:_identify(.) by extension 'ros'
[0.204s] Level 1:colcon.colcon_core.package_identification:_identify(.) by extensions ['cmake', 'python']
[0.204s] Level 1:colcon.colcon_core.package_identification:_identify(.) by extension 'cmake'
[0.204s] Level 1:colcon.colcon_core.package_identification:_identify(.) by extension 'python'
[0.204s] Level 1:colcon.colcon_core.package_identification:_identify(.) by extensions ['python_setup_py']
[0.204s] Level 1:colcon.colcon_core.package_identification:_identify(.) by extension 'python_setup_py'
[0.204s] Level 1:colcon.colcon_core.package_identification:_identify(build) by extensions ['ignore', 'ignore_ament_install']
[0.204s] Level 1:colcon.colcon_core.package_identification:_identify(build) by extension 'ignore'
[0.204s] Level 1:colcon.colcon_core.package_identification:_identify(build) ignored
[0.204s] Level 1:colcon.colcon_core.package_identification:_identify(install) by extensions ['ignore', 'ignore_ament_install']
[0.204s] Level 1:colcon.colcon_core.package_identification:_identify(install) by extension 'ignore'
[0.204s] Level 1:colcon.colcon_core.package_identification:_identify(install) ignored
[0.204s] Level 1:colcon.colcon_core.package_identification:_identify(log) by extensions ['ignore', 'ignore_ament_install']
[0.204s] Level 1:colcon.colcon_core.package_identification:_identify(log) by extension 'ignore'
[0.204s] Level 1:colcon.colcon_core.package_identification:_identify(log) ignored
[0.204s] Level 1:colcon.colcon_core.package_identification:_identify(src) by extensions ['ignore', 'ignore_ament_install']
[0.204s] Level 1:colcon.colcon_core.package_identification:_identify(src) by extension 'ignore'
[0.204s] Level 1:colcon.colcon_core.package_identification:_identify(src) by extension 'ignore_ament_install'
[0.204s] Level 1:colcon.colcon_core.package_identification:_identify(src) by extensions ['colcon_pkg']
[0.204s] Level 1:colcon.colcon_core.package_identification:_identify(src) by extension 'colcon_pkg'
[0.204s] Level 1:colcon.colcon_core.package_identification:_identify(src) by extensions ['colcon_meta']
[0.204s] Level 1:colcon.colcon_core.package_identification:_identify(src) by extension 'colcon_meta'
[0.204s] Level 1:colcon.colcon_core.package_identification:_identify(src) by extensions ['ros']
[0.204s] Level 1:colcon.colcon_core.package_identification:_identify(src) by extension 'ros'
[0.204s] Level 1:colcon.colcon_core.package_identification:_identify(src) by extensions ['cmake', 'python']
[0.204s] Level 1:colcon.colcon_core.package_identification:_identify(src) by extension 'cmake'
[0.204s] Level 1:colcon.colcon_core.package_identification:_identify(src) by extension 'python'
[0.204s] Level 1:colcon.colcon_core.package_identification:_identify(src) by extensions ['python_setup_py']
[0.204s] Level 1:colcon.colcon_core.package_identification:_identify(src) by extension 'python_setup_py'
[0.205s] Level 1:colcon.colcon_core.package_identification:_identify(src/Nova_ROS2) by extensions ['ignore', 'ignore_ament_install']
[0.205s] Level 1:colcon.colcon_core.package_identification:_identify(src/Nova_ROS2) by extension 'ignore'
[0.205s] Level 1:colcon.colcon_core.package_identification:_identify(src/Nova_ROS2) by extension 'ignore_ament_install'
[0.205s] Level 1:colcon.colcon_core.package_identification:_identify(src/Nova_ROS2) by extensions ['colcon_pkg']
[0.205s] Level 1:colcon.colcon_core.package_identification:_identify(src/Nova_ROS2) by extension 'colcon_pkg'
[0.205s] Level 1:colcon.colcon_core.package_identification:_identify(src/Nova_ROS2) by extensions ['colcon_meta']
[0.205s] Level 1:colcon.colcon_core.package_identification:_identify(src/Nova_ROS2) by extension 'colcon_meta'
[0.205s] Level 1:colcon.colcon_core.package_identification:_identify(src/Nova_ROS2) by extensions ['ros']
[0.205s] Level 1:colcon.colcon_core.package_identification:_identify(src/Nova_ROS2) by extension 'ros'
[0.205s] Level 1:colcon.colcon_core.package_identification:_identify(src/Nova_ROS2) by extensions ['cmake', 'python']
[0.205s] Level 1:colcon.colcon_core.package_identification:_identify(src/Nova_ROS2) by extension 'cmake'
[0.205s] Level 1:colcon.colcon_core.package_identification:_identify(src/Nova_ROS2) by extension 'python'
[0.205s] Level 1:colcon.colcon_core.package_identification:_identify(src/Nova_ROS2) by extensions ['python_setup_py']
[0.205s] Level 1:colcon.colcon_core.package_identification:_identify(src/Nova_ROS2) by extension 'python_setup_py'
[0.205s] Level 1:colcon.colcon_core.package_identification:_identify(src/Nova_ROS2/nova5_control) by extensions ['ignore', 'ignore_ament_install']
[0.205s] Level 1:colcon.colcon_core.package_identification:_identify(src/Nova_ROS2/nova5_control) by extension 'ignore'
[0.205s] Level 1:colcon.colcon_core.package_identification:_identify(src/Nova_ROS2/nova5_control) by extension 'ignore_ament_install'
[0.205s] Level 1:colcon.colcon_core.package_identification:_identify(src/Nova_ROS2/nova5_control) by extensions ['colcon_pkg']
[0.205s] Level 1:colcon.colcon_core.package_identification:_identify(src/Nova_ROS2/nova5_control) by extension 'colcon_pkg'
[0.205s] Level 1:colcon.colcon_core.package_identification:_identify(src/Nova_ROS2/nova5_control) by extensions ['colcon_meta']
[0.205s] Level 1:colcon.colcon_core.package_identification:_identify(src/Nova_ROS2/nova5_control) by extension 'colcon_meta'
[0.205s] Level 1:colcon.colcon_core.package_identification:_identify(src/Nova_ROS2/nova5_control) by extensions ['ros']
[0.205s] Level 1:colcon.colcon_core.package_identification:_identify(src/Nova_ROS2/nova5_control) by extension 'ros'
[0.207s] DEBUG:colcon.colcon_core.package_identification:Package 'src/Nova_ROS2/nova5_control' with type 'ros.ament_cmake' and name 'nova5_control'
[0.207s] Level 1:colcon.colcon_core.package_identification:_identify(src/Nova_ROS2/nova5_description) by extensions ['ignore', 'ignore_ament_install']
[0.207s] Level 1:colcon.colcon_core.package_identification:_identify(src/Nova_ROS2/nova5_description) by extension 'ignore'
[0.207s] Level 1:colcon.colcon_core.package_identification:_identify(src/Nova_ROS2/nova5_description) by extension 'ignore_ament_install'
[0.207s] Level 1:colcon.colcon_core.package_identification:_identify(src/Nova_ROS2/nova5_description) by extensions ['colcon_pkg']
[0.207s] Level 1:colcon.colcon_core.package_identification:_identify(src/Nova_ROS2/nova5_description) by extension 'colcon_pkg'
[0.207s] Level 1:colcon.colcon_core.package_identification:_identify(src/Nova_ROS2/nova5_description) by extensions ['colcon_meta']
[0.207s] Level 1:colcon.colcon_core.package_identification:_identify(src/Nova_ROS2/nova5_description) by extension 'colcon_meta'
[0.207s] Level 1:colcon.colcon_core.package_identification:_identify(src/Nova_ROS2/nova5_description) by extensions ['ros']
[0.207s] Level 1:colcon.colcon_core.package_identification:_identify(src/Nova_ROS2/nova5_description) by extension 'ros'
[0.207s] DEBUG:colcon.colcon_core.package_identification:Package 'src/Nova_ROS2/nova5_description' with type 'ros.ament_cmake' and name 'nova5_description'
[0.207s] Level 1:colcon.colcon_core.package_identification:_identify(src/log) by extensions ['ignore', 'ignore_ament_install']
[0.207s] Level 1:colcon.colcon_core.package_identification:_identify(src/log) by extension 'ignore'
[0.208s] Level 1:colcon.colcon_core.package_identification:_identify(src/log) ignored
[0.208s] Level 1:colcon.colcon_core.package_discovery:discover_packages(recursive) using defaults
[0.208s] Level 1:colcon.colcon_core.package_discovery:discover_packages(ignore) discover
[0.208s] Level 1:colcon.colcon_core.package_discovery:discover_packages(ignore) using defaults
[0.208s] Level 1:colcon.colcon_core.package_discovery:discover_packages(path) discover
[0.208s] Level 1:colcon.colcon_core.package_discovery:discover_packages(path) using defaults
[0.218s] Level 1:colcon.colcon_core.package_discovery:discover_packages(prefix_path) check parameters
[0.218s] Level 1:colcon.colcon_core.package_discovery:discover_packages(prefix_path) discover
[0.218s] WARNING:colcon.colcon_ros.prefix_path.ament:The path '/home/cpslab/ros2_ljy/install/nova5_description' in the environment variable AMENT_PREFIX_PATH doesn't exist
[0.218s] WARNING:colcon.colcon_ros.prefix_path.ament:The path '/home/cpslab/ros2_ljy/install/nova5_control' in the environment variable AMENT_PREFIX_PATH doesn't exist
[0.218s] WARNING:colcon.colcon_ros.prefix_path.catkin:The path '/home/cpslab/ros2_ljy/install/nova5_description' in the environment variable CMAKE_PREFIX_PATH doesn't exist
[0.219s] WARNING:colcon.colcon_ros.prefix_path.catkin:The path '/home/cpslab/ros2_ljy/install/nova5_control' in the environment variable CMAKE_PREFIX_PATH doesn't exist
[0.219s] DEBUG:colcon.colcon_installed_package_information.package_discovery:Found 0 installed packages in /home/cpslab/ros2_ljy/install
[0.220s] DEBUG:colcon.colcon_installed_package_information.package_discovery:Found 335 installed packages in /opt/ros/foxy
[0.226s] Level 1:colcon.colcon_core.package_discovery:discover_packages(prefix_path) using defaults
[0.261s] Level 5:colcon.colcon_core.verb:set package 'nova5_control' build argument 'cmake_args' from command line to 'None'
[0.261s] Level 5:colcon.colcon_core.verb:set package 'nova5_control' build argument 'cmake_target' from command line to 'None'
[0.261s] Level 5:colcon.colcon_core.verb:set package 'nova5_control' build argument 'cmake_target_skip_unavailable' from command line to 'False'
[0.261s] Level 5:colcon.colcon_core.verb:set package 'nova5_control' build argument 'cmake_clean_cache' from command line to 'False'
[0.261s] Level 5:colcon.colcon_core.verb:set package 'nova5_control' build argument 'cmake_clean_first' from command line to 'False'
[0.261s] Level 5:colcon.colcon_core.verb:set package 'nova5_control' build argument 'cmake_force_configure' from command line to 'False'
[0.261s] Level 5:colcon.colcon_core.verb:set package 'nova5_control' build argument 'ament_cmake_args' from command line to 'None'
[0.261s] Level 5:colcon.colcon_core.verb:set package 'nova5_control' build argument 'catkin_cmake_args' from command line to 'None'
[0.261s] Level 5:colcon.colcon_core.verb:set package 'nova5_control' build argument 'catkin_skip_building_tests' from command line to 'False'
[0.261s] DEBUG:colcon.colcon_core.verb:Building package 'nova5_control' with the following arguments: {'ament_cmake_args': None, 'build_base': '/home/cpslab/ros2_ljy/build/nova5_control', 'catkin_cmake_args': None, 'catkin_skip_building_tests': False, 'cmake_args': None, 'cmake_clean_cache': False, 'cmake_clean_first': False, 'cmake_force_configure': False, 'cmake_target': None, 'cmake_target_skip_unavailable': False, 'install_base': '/home/cpslab/ros2_ljy/install/nova5_control', 'merge_install': False, 'path': '/home/cpslab/ros2_ljy/src/Nova_ROS2/nova5_control', 'symlink_install': True, 'test_result_base': None}
[0.261s] Level 5:colcon.colcon_core.verb:set package 'nova5_description' build argument 'cmake_args' from command line to 'None'
[0.261s] Level 5:colcon.colcon_core.verb:set package 'nova5_description' build argument 'cmake_target' from command line to 'None'
[0.261s] Level 5:colcon.colcon_core.verb:set package 'nova5_description' build argument 'cmake_target_skip_unavailable' from command line to 'False'
[0.261s] Level 5:colcon.colcon_core.verb:set package 'nova5_description' build argument 'cmake_clean_cache' from command line to 'False'
[0.261s] Level 5:colcon.colcon_core.verb:set package 'nova5_description' build argument 'cmake_clean_first' from command line to 'False'
[0.261s] Level 5:colcon.colcon_core.verb:set package 'nova5_description' build argument 'cmake_force_configure' from command line to 'False'
[0.261s] Level 5:colcon.colcon_core.verb:set package 'nova5_description' build argument 'ament_cmake_args' from command line to 'None'
[0.261s] Level 5:colcon.colcon_core.verb:set package 'nova5_description' build argument 'catkin_cmake_args' from command line to 'None'
[0.261s] Level 5:colcon.colcon_core.verb:set package 'nova5_description' build argument 'catkin_skip_building_tests' from command line to 'False'
[0.261s] DEBUG:colcon.colcon_core.verb:Building package 'nova5_description' with the following arguments: {'ament_cmake_args': None, 'build_base': '/home/cpslab/ros2_ljy/build/nova5_description', 'catkin_cmake_args': None, 'catkin_skip_building_tests': False, 'cmake_args': None, 'cmake_clean_cache': False, 'cmake_clean_first': False, 'cmake_force_configure': False, 'cmake_target': None, 'cmake_target_skip_unavailable': False, 'install_base': '/home/cpslab/ros2_ljy/install/nova5_description', 'merge_install': False, 'path': '/home/cpslab/ros2_ljy/src/Nova_ROS2/nova5_description', 'symlink_install': True, 'test_result_base': None}
[0.261s] INFO:colcon.colcon_core.executor:Executing jobs using 'parallel' executor
[0.262s] DEBUG:colcon.colcon_parallel_executor.executor.parallel:run_until_complete
[0.262s] INFO:colcon.colcon_ros.task.ament_cmake.build:Building ROS package in '/home/cpslab/ros2_ljy/src/Nova_ROS2/nova5_control' with build type 'ament_cmake'
[0.262s] INFO:colcon.colcon_cmake.task.cmake.build:Building CMake package in '/home/cpslab/ros2_ljy/src/Nova_ROS2/nova5_control'
[0.263s] INFO:colcon.colcon_core.plugin_system:Skipping extension 'colcon_core.shell.bat': Not used on non-Windows systems
[0.263s] INFO:colcon.colcon_core.shell:Skip shell extension 'powershell' for command environment: Not usable outside of PowerShell
[0.263s] DEBUG:colcon.colcon_core.shell:Skip shell extension 'dsv' for command environment
[0.266s] INFO:colcon.colcon_ros.task.ament_cmake.build:Building ROS package in '/home/cpslab/ros2_ljy/src/Nova_ROS2/nova5_description' with build type 'ament_cmake'
[0.267s] INFO:colcon.colcon_cmake.task.cmake.build:Building CMake package in '/home/cpslab/ros2_ljy/src/Nova_ROS2/nova5_description'
[0.267s] INFO:colcon.colcon_core.shell:Skip shell extension 'powershell' for command environment: Not usable outside of PowerShell
[0.267s] DEBUG:colcon.colcon_core.shell:Skip shell extension 'dsv' for command environment
[0.273s] DEBUG:colcon.colcon_core.event_handler.log_command:Invoking command in '/home/cpslab/ros2_ljy/build/nova5_control': CMAKE_PREFIX_PATH=${CMAKE_PREFIX_PATH}:/opt/ros/foxy /usr/bin/cmake /home/cpslab/ros2_ljy/src/Nova_ROS2/nova5_control -DAMENT_CMAKE_SYMLINK_INSTALL=1 -DCMAKE_INSTALL_PREFIX=/home/cpslab/ros2_ljy/install/nova5_control
[0.277s] DEBUG:colcon.colcon_core.event_handler.log_command:Invoking command in '/home/cpslab/ros2_ljy/build/nova5_description': CMAKE_PREFIX_PATH=${CMAKE_PREFIX_PATH}:/opt/ros/foxy /usr/bin/cmake /home/cpslab/ros2_ljy/src/Nova_ROS2/nova5_description -DAMENT_CMAKE_SYMLINK_INSTALL=1 -DCMAKE_INSTALL_PREFIX=/home/cpslab/ros2_ljy/install/nova5_description
[0.708s] DEBUG:colcon.colcon_core.event_handler.log_command:Invoked command in '/home/cpslab/ros2_ljy/build/nova5_description' returned '0': CMAKE_PREFIX_PATH=${CMAKE_PREFIX_PATH}:/opt/ros/foxy /usr/bin/cmake /home/cpslab/ros2_ljy/src/Nova_ROS2/nova5_description -DAMENT_CMAKE_SYMLINK_INSTALL=1 -DCMAKE_INSTALL_PREFIX=/home/cpslab/ros2_ljy/install/nova5_description
[0.711s] DEBUG:colcon.colcon_core.event_handler.log_command:Invoking command in '/home/cpslab/ros2_ljy/build/nova5_description': CMAKE_PREFIX_PATH=${CMAKE_PREFIX_PATH}:/opt/ros/foxy /usr/bin/cmake --build /home/cpslab/ros2_ljy/build/nova5_description -- -j32 -l32
[0.712s] DEBUG:colcon.colcon_core.event_handler.log_command:Invoked command in '/home/cpslab/ros2_ljy/build/nova5_control' returned '0': CMAKE_PREFIX_PATH=${CMAKE_PREFIX_PATH}:/opt/ros/foxy /usr/bin/cmake /home/cpslab/ros2_ljy/src/Nova_ROS2/nova5_control -DAMENT_CMAKE_SYMLINK_INSTALL=1 -DCMAKE_INSTALL_PREFIX=/home/cpslab/ros2_ljy/install/nova5_control
[0.714s] DEBUG:colcon.colcon_core.event_handler.log_command:Invoking command in '/home/cpslab/ros2_ljy/build/nova5_control': CMAKE_PREFIX_PATH=${CMAKE_PREFIX_PATH}:/opt/ros/foxy /usr/bin/cmake --build /home/cpslab/ros2_ljy/build/nova5_control -- -j32 -l32
[0.733s] DEBUG:colcon.colcon_core.event_handler.log_command:Invoked command in '/home/cpslab/ros2_ljy/build/nova5_description' returned '0': CMAKE_PREFIX_PATH=${CMAKE_PREFIX_PATH}:/opt/ros/foxy /usr/bin/cmake --build /home/cpslab/ros2_ljy/build/nova5_description -- -j32 -l32
[0.740s] DEBUG:colcon.colcon_core.event_handler.log_command:Invoking command in '/home/cpslab/ros2_ljy/build/nova5_description': CMAKE_PREFIX_PATH=${CMAKE_PREFIX_PATH}:/opt/ros/foxy /usr/bin/cmake --install /home/cpslab/ros2_ljy/build/nova5_description
[0.741s] DEBUG:colcon.colcon_core.event_handler.log_command:Invoked command in '/home/cpslab/ros2_ljy/build/nova5_control' returned '0': CMAKE_PREFIX_PATH=${CMAKE_PREFIX_PATH}:/opt/ros/foxy /usr/bin/cmake --build /home/cpslab/ros2_ljy/build/nova5_control -- -j32 -l32
[0.743s] DEBUG:colcon.colcon_core.event_handler.log_command:Invoking command in '/home/cpslab/ros2_ljy/build/nova5_control': CMAKE_PREFIX_PATH=${CMAKE_PREFIX_PATH}:/opt/ros/foxy /usr/bin/cmake --install /home/cpslab/ros2_ljy/build/nova5_control
[0.940s] Level 1:colcon.colcon_core.environment:create_environment_scripts_only(nova5_control)
[0.941s] DEBUG:colcon.colcon_core.event_handler.log_command:Invoked command in '/home/cpslab/ros2_ljy/build/nova5_control' returned '0': CMAKE_PREFIX_PATH=${CMAKE_PREFIX_PATH}:/opt/ros/foxy /usr/bin/cmake --install /home/cpslab/ros2_ljy/build/nova5_control
[0.942s] Level 1:colcon.colcon_core.environment:checking '/home/cpslab/ros2_ljy/install/nova5_control' for CMake module files
[0.943s] Level 1:colcon.colcon_core.environment:checking '/home/cpslab/ros2_ljy/install/nova5_control' for CMake config files
[0.943s] Level 1:colcon.colcon_core.shell:create_environment_hook('nova5_control', 'cmake_prefix_path')
[0.943s] INFO:colcon.colcon_core.shell:Creating environment hook '/home/cpslab/ros2_ljy/install/nova5_control/share/nova5_control/hook/cmake_prefix_path.ps1'
[0.943s] INFO:colcon.colcon_core.shell:Creating environment descriptor '/home/cpslab/ros2_ljy/install/nova5_control/share/nova5_control/hook/cmake_prefix_path.dsv'
[0.943s] INFO:colcon.colcon_core.shell:Creating environment hook '/home/cpslab/ros2_ljy/install/nova5_control/share/nova5_control/hook/cmake_prefix_path.sh'
[0.944s] Level 1:colcon.colcon_core.environment:checking '/home/cpslab/ros2_ljy/install/nova5_control/bin'
[0.944s] Level 1:colcon.colcon_core.environment:checking '/home/cpslab/ros2_ljy/install/nova5_control/lib/pkgconfig/nova5_control.pc'
[0.944s] Level 1:colcon.colcon_core.environment:checking '/home/cpslab/ros2_ljy/install/nova5_control/lib/python3.8/site-packages'
[0.944s] Level 1:colcon.colcon_core.environment:checking '/home/cpslab/ros2_ljy/install/nova5_control/bin'
[0.945s] INFO:colcon.colcon_core.shell:Creating package script '/home/cpslab/ros2_ljy/install/nova5_control/share/nova5_control/package.ps1'
[0.945s] INFO:colcon.colcon_core.shell:Creating package descriptor '/home/cpslab/ros2_ljy/install/nova5_control/share/nova5_control/package.dsv'
[0.946s] INFO:colcon.colcon_core.shell:Creating package script '/home/cpslab/ros2_ljy/install/nova5_control/share/nova5_control/package.sh'
[0.946s] INFO:colcon.colcon_core.shell:Creating package script '/home/cpslab/ros2_ljy/install/nova5_control/share/nova5_control/package.bash'
[0.946s] INFO:colcon.colcon_core.shell:Creating package script '/home/cpslab/ros2_ljy/install/nova5_control/share/nova5_control/package.zsh'
[0.947s] Level 1:colcon.colcon_core.environment:create_file_with_runtime_dependencies(/home/cpslab/ros2_ljy/install/nova5_control/share/colcon-core/packages/nova5_control)
[0.947s] Level 1:colcon.colcon_core.environment:create_environment_scripts_only(nova5_control)
[0.947s] Level 1:colcon.colcon_core.environment:checking '/home/cpslab/ros2_ljy/install/nova5_control' for CMake module files
[0.947s] Level 1:colcon.colcon_core.environment:checking '/home/cpslab/ros2_ljy/install/nova5_control' for CMake config files
[0.948s] Level 1:colcon.colcon_core.shell:create_environment_hook('nova5_control', 'cmake_prefix_path')
[0.948s] INFO:colcon.colcon_core.shell:Creating environment hook '/home/cpslab/ros2_ljy/install/nova5_control/share/nova5_control/hook/cmake_prefix_path.ps1'
[0.948s] INFO:colcon.colcon_core.shell:Creating environment descriptor '/home/cpslab/ros2_ljy/install/nova5_control/share/nova5_control/hook/cmake_prefix_path.dsv'
[0.948s] INFO:colcon.colcon_core.shell:Creating environment hook '/home/cpslab/ros2_ljy/install/nova5_control/share/nova5_control/hook/cmake_prefix_path.sh'
[0.948s] Level 1:colcon.colcon_core.environment:checking '/home/cpslab/ros2_ljy/install/nova5_control/bin'
[0.948s] Level 1:colcon.colcon_core.environment:checking '/home/cpslab/ros2_ljy/install/nova5_control/lib/pkgconfig/nova5_control.pc'
[0.948s] Level 1:colcon.colcon_core.environment:checking '/home/cpslab/ros2_ljy/install/nova5_control/lib/python3.8/site-packages'
[0.949s] Level 1:colcon.colcon_core.environment:checking '/home/cpslab/ros2_ljy/install/nova5_control/bin'
[0.949s] INFO:colcon.colcon_core.shell:Creating package script '/home/cpslab/ros2_ljy/install/nova5_control/share/nova5_control/package.ps1'
[0.949s] INFO:colcon.colcon_core.shell:Creating package descriptor '/home/cpslab/ros2_ljy/install/nova5_control/share/nova5_control/package.dsv'
[0.949s] INFO:colcon.colcon_core.shell:Creating package script '/home/cpslab/ros2_ljy/install/nova5_control/share/nova5_control/package.sh'
[0.950s] INFO:colcon.colcon_core.shell:Creating package script '/home/cpslab/ros2_ljy/install/nova5_control/share/nova5_control/package.bash'
[0.950s] INFO:colcon.colcon_core.shell:Creating package script '/home/cpslab/ros2_ljy/install/nova5_control/share/nova5_control/package.zsh'
[0.950s] Level 1:colcon.colcon_core.environment:create_file_with_runtime_dependencies(/home/cpslab/ros2_ljy/install/nova5_control/share/colcon-core/packages/nova5_control)
[1.009s] Level 1:colcon.colcon_core.environment:create_environment_scripts_only(nova5_description)
[1.009s] Level 1:colcon.colcon_core.environment:checking '/home/cpslab/ros2_ljy/install/nova5_description' for CMake module files
[1.010s] DEBUG:colcon.colcon_core.event_handler.log_command:Invoked command in '/home/cpslab/ros2_ljy/build/nova5_description' returned '0': CMAKE_PREFIX_PATH=${CMAKE_PREFIX_PATH}:/opt/ros/foxy /usr/bin/cmake --install /home/cpslab/ros2_ljy/build/nova5_description
[1.010s] Level 1:colcon.colcon_core.environment:checking '/home/cpslab/ros2_ljy/install/nova5_description' for CMake config files
[1.010s] Level 1:colcon.colcon_core.shell:create_environment_hook('nova5_description', 'cmake_prefix_path')
[1.011s] INFO:colcon.colcon_core.shell:Creating environment hook '/home/cpslab/ros2_ljy/install/nova5_description/share/nova5_description/hook/cmake_prefix_path.ps1'
[1.011s] INFO:colcon.colcon_core.shell:Creating environment descriptor '/home/cpslab/ros2_ljy/install/nova5_description/share/nova5_description/hook/cmake_prefix_path.dsv'
[1.011s] INFO:colcon.colcon_core.shell:Creating environment hook '/home/cpslab/ros2_ljy/install/nova5_description/share/nova5_description/hook/cmake_prefix_path.sh'
[1.011s] Level 1:colcon.colcon_core.environment:checking '/home/cpslab/ros2_ljy/install/nova5_description/bin'
[1.011s] Level 1:colcon.colcon_core.environment:checking '/home/cpslab/ros2_ljy/install/nova5_description/lib/pkgconfig/nova5_description.pc'
[1.011s] Level 1:colcon.colcon_core.environment:checking '/home/cpslab/ros2_ljy/install/nova5_description/lib/python3.8/site-packages'
[1.012s] Level 1:colcon.colcon_core.environment:checking '/home/cpslab/ros2_ljy/install/nova5_description/bin'
[1.012s] INFO:colcon.colcon_core.shell:Creating package script '/home/cpslab/ros2_ljy/install/nova5_description/share/nova5_description/package.ps1'
[1.012s] INFO:colcon.colcon_core.shell:Creating package descriptor '/home/cpslab/ros2_ljy/install/nova5_description/share/nova5_description/package.dsv'
[1.012s] INFO:colcon.colcon_core.shell:Creating package script '/home/cpslab/ros2_ljy/install/nova5_description/share/nova5_description/package.sh'
[1.012s] INFO:colcon.colcon_core.shell:Creating package script '/home/cpslab/ros2_ljy/install/nova5_description/share/nova5_description/package.bash'
[1.013s] INFO:colcon.colcon_core.shell:Creating package script '/home/cpslab/ros2_ljy/install/nova5_description/share/nova5_description/package.zsh'
[1.013s] Level 1:colcon.colcon_core.environment:create_file_with_runtime_dependencies(/home/cpslab/ros2_ljy/install/nova5_description/share/colcon-core/packages/nova5_description)
[1.013s] Level 1:colcon.colcon_core.environment:create_environment_scripts_only(nova5_description)
[1.013s] Level 1:colcon.colcon_core.environment:checking '/home/cpslab/ros2_ljy/install/nova5_description' for CMake module files
[1.013s] Level 1:colcon.colcon_core.environment:checking '/home/cpslab/ros2_ljy/install/nova5_description' for CMake config files
[1.014s] Level 1:colcon.colcon_core.shell:create_environment_hook('nova5_description', 'cmake_prefix_path')
[1.014s] INFO:colcon.colcon_core.shell:Creating environment hook '/home/cpslab/ros2_ljy/install/nova5_description/share/nova5_description/hook/cmake_prefix_path.ps1'
[1.014s] INFO:colcon.colcon_core.shell:Creating environment descriptor '/home/cpslab/ros2_ljy/install/nova5_description/share/nova5_description/hook/cmake_prefix_path.dsv'
[1.014s] INFO:colcon.colcon_core.shell:Creating environment hook '/home/cpslab/ros2_ljy/install/nova5_description/share/nova5_description/hook/cmake_prefix_path.sh'
[1.015s] Level 1:colcon.colcon_core.environment:checking '/home/cpslab/ros2_ljy/install/nova5_description/bin'
[1.015s] Level 1:colcon.colcon_core.environment:checking '/home/cpslab/ros2_ljy/install/nova5_description/lib/pkgconfig/nova5_description.pc'
[1.015s] Level 1:colcon.colcon_core.environment:checking '/home/cpslab/ros2_ljy/install/nova5_description/lib/python3.8/site-packages'
[1.015s] Level 1:colcon.colcon_core.environment:checking '/home/cpslab/ros2_ljy/install/nova5_description/bin'
[1.015s] INFO:colcon.colcon_core.shell:Creating package script '/home/cpslab/ros2_ljy/install/nova5_description/share/nova5_description/package.ps1'
[1.015s] INFO:colcon.colcon_core.shell:Creating package descriptor '/home/cpslab/ros2_ljy/install/nova5_description/share/nova5_description/package.dsv'
[1.015s] INFO:colcon.colcon_core.shell:Creating package script '/home/cpslab/ros2_ljy/install/nova5_description/share/nova5_description/package.sh'
[1.016s] INFO:colcon.colcon_core.shell:Creating package script '/home/cpslab/ros2_ljy/install/nova5_description/share/nova5_description/package.bash'
[1.016s] INFO:colcon.colcon_core.shell:Creating package script '/home/cpslab/ros2_ljy/install/nova5_description/share/nova5_description/package.zsh'
[1.016s] Level 1:colcon.colcon_core.environment:create_file_with_runtime_dependencies(/home/cpslab/ros2_ljy/install/nova5_description/share/colcon-core/packages/nova5_description)
[1.016s] DEBUG:colcon.colcon_parallel_executor.executor.parallel:closing loop
[1.016s] DEBUG:colcon.colcon_parallel_executor.executor.parallel:loop closed
[1.016s] DEBUG:colcon.colcon_parallel_executor.executor.parallel:run_until_complete finished with '0'
[1.016s] DEBUG:colcon.colcon_core.event_reactor:joining thread
[1.020s] INFO:colcon.colcon_core.plugin_system:Skipping extension 'colcon_notification.desktop_notification.terminal_notifier': Not used on non-Darwin systems
[1.020s] INFO:colcon.colcon_core.plugin_system:Skipping extension 'colcon_notification.desktop_notification.win32': Not used on non-Windows systems
[1.020s] INFO:colcon.colcon_notification.desktop_notification:Sending desktop notification using 'notify2'
[1.029s] DEBUG:colcon.colcon_core.event_reactor:joined thread
[1.029s] INFO:colcon.colcon_core.shell:Creating prefix script '/home/cpslab/ros2_ljy/install/local_setup.ps1'
[1.030s] INFO:colcon.colcon_core.shell:Creating prefix util module '/home/cpslab/ros2_ljy/install/_local_setup_util_ps1.py'
[1.031s] INFO:colcon.colcon_core.shell:Creating prefix chain script '/home/cpslab/ros2_ljy/install/setup.ps1'
[1.031s] INFO:colcon.colcon_core.shell:Creating prefix script '/home/cpslab/ros2_ljy/install/local_setup.sh'
[1.031s] INFO:colcon.colcon_core.shell:Creating prefix util module '/home/cpslab/ros2_ljy/install/_local_setup_util_sh.py'
[1.032s] INFO:colcon.colcon_core.shell:Creating prefix chain script '/home/cpslab/ros2_ljy/install/setup.sh'
[1.032s] INFO:colcon.colcon_core.shell:Creating prefix script '/home/cpslab/ros2_ljy/install/local_setup.bash'
[1.032s] INFO:colcon.colcon_core.shell:Creating prefix chain script '/home/cpslab/ros2_ljy/install/setup.bash'
[1.033s] INFO:colcon.colcon_core.shell:Creating prefix script '/home/cpslab/ros2_ljy/install/local_setup.zsh'
[1.033s] INFO:colcon.colcon_core.shell:Creating prefix chain script '/home/cpslab/ros2_ljy/install/setup.zsh'
